C51 COMPILER V9.52.0.0   1                                                                 05/23/2019 10:43:56 PAGE 1   


C51 COMPILER V9.52.0.0, COMPILATION OF MODULE 1
OBJECT MODULE PLACED IN 1.OBJ
COMPILER INVOKED BY: g:\Keil\C51\BIN\C51.EXE 1.c BROWSE DEBUG OBJECTEXTEND

line level    source

   1          #include <reg51.h>
   2          #define ui                              unsigned int
   3          #define uc                              unsigned char
   4          
   5          sbit    IN1  = P1^0;
   6          sbit    IN2  = P1^1;
   7          sbit    IN3  = P1^2;
   8          sbit    IN4  = P1^3;
   9          sbit    EWA  = P1^4;
  10          sbit    EWB  = P1^5;
  11          sbit    PWM1 = P1^6;
  12          sbit    PWM2 = P1^7;
  13          sfr     AUXR= 0x8e;
  14          sfr     IPH = 0xb7;
  15          ui              PWMCNT1 = 0;
  16          ui              CNTPWM1 = 60;
  17          ui              PWMCNT2 = 0;
  18          ui              CNTPWM2 = 60;
  19          uc              bluetoothdata;
  20          
  21          void inittial_myself();
  22          void initial_interrupt();
  23          void delayed(unsigned int time);
  24          void user_seceive();
  25          void go_forward();
  26          void stop();
  27          void turn_right();
  28          void turn_left();
  29          void back();
  30          
  31          void main()
  32          {       
  33   1              inittial_myself();
  34   1              delayed(100);
  35   1              initial_interrupt();
  36   1              stop();
  37   1              while(1)
  38   1              {
  39   2                      user_seceive();
  40   2              }
  41   1      }
  42          
  43          void user_seceive()
  44           {
  45   1              switch(bluetoothdata)
  46   1              {
  47   2              case 'F':
  48   2              case 'f':go_forward();
  49   2                      delayed(100);
  50   2                      SBUF = 'f';//返回数据到手机
  51   2                      break;
  52   2              case 'S':
  53   2              case 's':stop();
  54   2                      delayed(100);
  55   2                      SBUF = 's';
C51 COMPILER V9.52.0.0   1                                                                 05/23/2019 10:43:56 PAGE 2   

  56   2                      break;  
  57   2              case 'R':                         
  58   2              case 'r':turn_right();
  59   2                      delayed(100);
  60   2                      SBUF = 'r';
  61   2                      break;
  62   2              case 'L':                                                                                               
  63   2              case 'l':turn_left();
  64   2                      delayed(100);
  65   2                      SBUF = 'l';
  66   2                      break;
  67   2              case 'B':
  68   2              case 'b':back();
  69   2                      delayed(100);
  70   2                      SBUF = 'b';
  71   2                      break;
  72   2              case '1':CNTPWM1 = 60;
  73   2                      CNTPWM2 = 60;
  74   2                      delayed(100);
  75   2                      SBUF = '1';
  76   2                      bluetoothdata = '1';
  77   2                      break;
  78   2              case '2':CNTPWM1 = 100;
  79   2                      CNTPWM2 = 100;
  80   2                      delayed(100);
  81   2                      SBUF = '2';
  82   2                      bluetoothdata = '2';
  83   2                      break;
  84   2              case '3':CNTPWM1 = 140;
  85   2                      CNTPWM2 = 140;
  86   2                      delayed(100);
  87   2                      SBUF = '3';
  88   2                      bluetoothdata = '3';
  89   2                      break;
  90   2              }
  91   1       }
  92          
  93          
  94          void user_receive(void) interrupt 4 // 串口中断程序
  95          {
  96   1              if(RI == 1)                                     // 收到字符
  97   1              {
  98   2                      RI = 0;                                 //软件清零
  99   2                      bluetoothdata = SBUF;   // 读取数据
 100   2              }
 101   1              if(TI == 1)                                     // 发送数据
 102   1              {
 103   2                      TI = 0;                                 // 清零
 104   2              }
 105   1      }
 106          
 107          void T0_time() interrupt 1 // 定时器 1
 108          {
 109   1              PWMCNT1++;
 110   1              PWMCNT2++;
 111   1              if(PWMCNT1 >= 200)
 112   1              {
 113   2                      PWMCNT1 = 1;
 114   2              }
 115   1              if(PWMCNT1 <= CNTPWM1) //230
 116   1              {
 117   2                      PWM1 = 1;
C51 COMPILER V9.52.0.0   1                                                                 05/23/2019 10:43:56 PAGE 3   

 118   2              }
 119   1              else
 120   1              {
 121   2                      PWM1 = 0;
 122   2              }
 123   1              if(PWMCNT2 >= 200)
 124   1              {
 125   2                      PWMCNT2 = 1;
 126   2              }
 127   1              if(PWMCNT1 <= CNTPWM2) //230
 128   1              {
 129   2                      PWM2 = 1;
 130   2              }
 131   1              else
 132   1              {
 133   2                      PWM2 = 0;
 134   2              }
 135   1              TH0 = (65536 - 50) / 256;
 136   1              TL0 = (65536 - 50) % 256;
 137   1      }
 138          
 139          void inittial_myself()
 140          {
 141   1              SCON = 0x50;                            //0101_0000 方式1,波特率可变                     
 142   1              TMOD = 0x21;                            //0010_0001     (1定时器 方式2,0定时器 方式1)
 143   1              TH0  = (65536 - 50) / 256;      // 定时 50 微秒
 144   1              TL0  = (65536 - 50) % 256;
 145   1              TH1  = 0xfd;                            //波特率9600
 146   1              TL1  = 0xfd;
 147   1              IP   = 0x10;
 148   1      }
 149          
 150          void initial_interrupt()
 151          {
 152   1              EA  = 1;                // 开总中断
 153   1              ES  = 1;                // 开串口中断
 154   1              ET0 = 1;                //开定时器 0 中断 
 155   1              TR0 = 1;                //开定时器 0
 156   1              TR1 = 1;                // 开定时器 1
 157   1      }
 158          
 159          void delayed(ui time)                   //延时子程序
 160          {
 161   1              ui i = 0;
 162   1              ui j = 0;
 163   1              for(i = 0; i < time; i++)
 164   1              {
 165   2                      for(j = 0; j < 500; j++)
 166   2                              ;
 167   2              }
 168   1      }
 169          
 170          void go_forward()
 171          {
 172   1              IN1 =  0;
 173   1              IN2 =  1;
 174   1              IN3 =  1;
 175   1              IN4 =  0;
 176   1      }
 177          
 178          void back()
 179          {
C51 COMPILER V9.52.0.0   1                                                                 05/23/2019 10:43:56 PAGE 4   

 180   1              IN1 =  1;
 181   1              IN2 =  0;
 182   1              IN3 =  0;
 183   1              IN4 =  1;
 184   1      }
 185          
 186          void stop()
 187          {
 188   1      
 189   1              IN1 =  0;
 190   1              IN2 =  0;
 191   1              IN3 =  0;
 192   1              IN4 =  0;
 193   1      }
 194          
 195          
 196          void turn_left()
 197          {
 198   1              IN1 =  0;
 199   1              IN2 =  0;
 200   1              IN3 =  1;
 201   1              IN4 =  0;
 202   1      
 203   1      }
 204          
 205          void turn_right()
 206          {
 207   1      
 208   1              IN1 =  0;
 209   1              IN2 =  1;
 210   1              IN3 =  0;
 211   1              IN4 =  0;
 212   1      }


MODULE INFORMATION:   STATIC OVERLAYABLE
   CODE SIZE        =    408    ----
   CONSTANT SIZE    =   ----    ----
   XDATA SIZE       =   ----    ----
   PDATA SIZE       =   ----    ----
   DATA SIZE        =      9    ----
   IDATA SIZE       =   ----    ----
   BIT SIZE         =   ----    ----
END OF MODULE INFORMATION.


C51 COMPILATION COMPLETE.  0 WARNING(S),  0 ERROR(S)
