#-----------------------------------------------------------
# PlanAhead v14.7 (64-bit)
# Build 321239 by xbuild on Fri Sep 27 19:29:51 MDT 2013
# Start of session at: Wed May 29 23:25:34 2019
# Process ID: 7356
# Log file: F:/git/FPGA/Examination/mb/planAhead_run_1/planAhead.log
# Journal file: F:/git/FPGA/Examination/mb/planAhead_run_1/planAhead.jou
#-----------------------------------------------------------
INFO: [Common 17-78] Attempting to get a license: PlanAhead
INFO: [Common 17-290] Got license for PlanAhead
INFO: [Device 21-36] Loading parts and site information from G:/Xilinx/14.7/ISE_DS/PlanAhead/data/parts/arch.xml
Parsing RTL primitives file [G:/Xilinx/14.7/ISE_DS/PlanAhead/data/parts/xilinx/rtl/prims/rtl_prims.xml]
Finished parsing RTL primitives file [G:/Xilinx/14.7/ISE_DS/PlanAhead/data/parts/xilinx/rtl/prims/rtl_prims.xml]
start_gui
source F:/git/FPGA/Examination/mb/pa.fromNetlist.tcl
# create_project -name mb -dir "F:/git/FPGA/Examination/mb/planAhead_run_3" -part xc7a100tcsg324-3
# set_property design_mode GateLvl [get_property srcset [current_run -impl]]
# set_property edif_top_file "F:/git/FPGA/Examination/mb/main.ngc" [ get_property srcset [ current_run ] ]
# add_files -norecurse { {F:/git/FPGA/Examination/mb} }
# set_param project.pinAheadLayout  yes
# set_property target_constrs_file "main.ucf" [current_fileset -constrset]
Adding file 'F:/git/FPGA/Examination/mb/main.ucf' to fileset 'constrs_1'
# add_files [list {main.ucf}] -fileset [get_property constrset [current_run]]
# link_design
Design is defaulting to srcset: sources_1
Design is defaulting to constrset: constrs_1
Design is defaulting to project part: xc7a100tcsg324-3
WARNING: [Common 17-175] Failed to make directory to contain cached edif files [F:/git/FPGA/Examination/mb/planAhead_run_3/mb.data/cache]
ERROR: [Designutils 20-396] Could not read top design file [F:/git/FPGA/Examination/mb/main.ngc] because temporary work directory could not be created

    while executing
"link_design"
    (file "F:/git/FPGA/Examination/mb/pa.fromNetlist.tcl" line 11)
exit
ERROR: [PlanAhead 12-106] *** Exception: ui.h.b: Found deleted key in HTclEventBroker. Verify if the classes listed here call cleanup()
HTclEvent: SIGNAL_MODIFY   Classes: ui.views.aR 
HTclEvent: DEBUG_PORT_CONFIG_CHANGE   Classes: ui.views.aR 
HTclEvent: SIGNAL_BUS_MODIFY   Classes: ui.views.aR 
HTclEvent: DEBUG_CORE_CONFIG_CHANGE   Classes: ui.views.aR 
 (See F:/git/FPGA/Examination/mb\planAhead_pid7356.debug)
ERROR: [Common 17-39] 'stop_gui' failed due to earlier errors.
INFO: [Common 17-206] Exiting PlanAhead at Wed May 29 23:26:57 2019...
INFO: [Common 17-83] Releasing license: PlanAhead
