--------------------------------------------------------------------------------
Release 14.7 Trace  (nt64)
Copyright (c) 1995-2013 Xilinx, Inc.  All rights reserved.

G:\Xilinx\14.7\ISE_DS\ISE\bin\nt64\unwrapped\trce.exe -intstyle ise -v 3 -s 3
-n 3 -fastpaths -xml Top.twx Top.ncd -o Top.twr Top.pcf

Design file:              Top.ncd
Physical constraint file: Top.pcf
Device,package,speed:     xc6slx16,csg324,C,-3 (PRODUCTION 1.23 2013-10-13)
Report level:             verbose report

Environment Variable      Effect 
--------------------      ------ 
NONE                      No environment variables were set
--------------------------------------------------------------------------------

INFO:Timing:2698 - No timing constraints found, doing default enumeration.
INFO:Timing:3412 - To improve timing, see the Timing Closure User Guide (UG612).
INFO:Timing:2752 - To get complete path coverage, use the unconstrained paths 
   option. All paths that are not constrained will be reported in the 
   unconstrained paths section(s) of the report.
INFO:Timing:3339 - The clock-to-out numbers in this timing report are based on 
   a 50 Ohm transmission line loading model.  For the details of this model, 
   and for more information on accounting for different loading conditions, 
   please see the device datasheet.



Data Sheet report:
-----------------
All values displayed in nanoseconds (ns)

Setup/Hold to clock Clk_100M_top
------------+------------+------------+------------+------------+------------------+--------+
            |Max Setup to|  Process   |Max Hold to |  Process   |                  | Clock  |
Source      | clk (edge) |   Corner   | clk (edge) |   Corner   |Internal Clock(s) | Phase  |
------------+------------+------------+------------+------------+------------------+--------+
Reset_top   |    4.031(R)|      SLOW  |   -2.026(R)|      FAST  |Clk_65M_top       |   0.000|
------------+------------+------------+------------+------------+------------------+--------+

Clock Clk_100M_top to Pad
------------+-----------------+------------+-----------------+------------+------------------+--------+
            |Max (slowest) clk|  Process   |Min (fastest) clk|  Process   |                  | Clock  |
Destination |  (edge) to PAD  |   Corner   |  (edge) to PAD  |   Corner   |Internal Clock(s) | Phase  |
------------+-----------------+------------+-----------------+------------+------------------+--------+
Blue_top<0> |         8.517(R)|      SLOW  |         3.835(R)|      FAST  |Clk_65M_top       |   0.000|
Blue_top<1> |         8.370(R)|      SLOW  |         3.747(R)|      FAST  |Clk_65M_top       |   0.000|
Green_top<0>|         8.864(R)|      SLOW  |         3.909(R)|      FAST  |Clk_65M_top       |   0.000|
Green_top<1>|         8.890(R)|      SLOW  |         3.923(R)|      FAST  |Clk_65M_top       |   0.000|
Green_top<2>|         8.653(R)|      SLOW  |         3.762(R)|      FAST  |Clk_65M_top       |   0.000|
Hsync_top   |         6.941(R)|      SLOW  |         3.704(R)|      FAST  |Clk_65M_top       |   0.000|
Red_top<0>  |         8.834(R)|      SLOW  |         3.887(R)|      FAST  |Clk_65M_top       |   0.000|
Red_top<1>  |         9.231(R)|      SLOW  |         4.141(R)|      FAST  |Clk_65M_top       |   0.000|
Red_top<2>  |         8.904(R)|      SLOW  |         3.942(R)|      FAST  |Clk_65M_top       |   0.000|
Vsync_top   |         6.922(R)|      SLOW  |         3.738(R)|      FAST  |Clk_65M_top       |   0.000|
------------+-----------------+------------+-----------------+------------+------------------+--------+

Clock to Setup on destination clock Clk_100M_top
---------------+---------+---------+---------+---------+
               | Src:Rise| Src:Fall| Src:Rise| Src:Fall|
Source Clock   |Dest:Rise|Dest:Rise|Dest:Fall|Dest:Fall|
---------------+---------+---------+---------+---------+
Clk_100M_top   |    3.973|         |         |         |
---------------+---------+---------+---------+---------+


Analysis completed Sun May 19 17:27:56 2019 
--------------------------------------------------------------------------------

Trace Settings:
-------------------------
Trace Settings 

Peak Memory Usage: 218 MB



