C:\USERS\BEAR\DESKTOP\PROGRAM\C\GAO\GAO\DEBUG\MAIN.OBJ
C:\USERS\BEAR\DESKTOP\PROGRAM\C\GAO\GAO\DEBUG\VC110.PDB
C:\USERS\BEAR\DESKTOP\PROGRAM\C\GAO\DEBUG\GAO.ILK
C:\USERS\BEAR\DESKTOP\PROGRAM\C\GAO\DEBUG\GAO.EXE
C:\USERS\BEAR\DESKTOP\PROGRAM\C\GAO\DEBUG\GAO.PDB
C:\Users\Bear\Desktop\program\C\gao\gao\Debug\main.obj
C:\Users\Bear\Desktop\program\C\gao\gao\Debug\cl.command.1.tlog
C:\Users\Bear\Desktop\program\C\gao\gao\Debug\CL.read.1.tlog
C:\Users\Bear\Desktop\program\C\gao\gao\Debug\CL.write.1.tlog
C:\Users\Bear\Desktop\program\C\gao\gao\Debug\link-cvtres.read.1.tlog
C:\Users\Bear\Desktop\program\C\gao\gao\Debug\link-cvtres.write.1.tlog
C:\Users\Bear\Desktop\program\C\gao\gao\Debug\link-rc.read.1.tlog
C:\Users\Bear\Desktop\program\C\gao\gao\Debug\link-rc.write.1.tlog
C:\Users\Bear\Desktop\program\C\gao\gao\Debug\link.command.1.tlog
C:\Users\Bear\Desktop\program\C\gao\gao\Debug\link.read.1.tlog
C:\Users\Bear\Desktop\program\C\gao\gao\Debug\link.write.1.tlog
C:\Users\Bear\Desktop\program\C\gao\gao\Debug\vc110.idb
C:\Users\Bear\Desktop\program\C\gao\gao\Debug\vc110.pdb
C:\Users\Bear\Desktop\program\C\gao\Debug\gao.pdb
C:\Users\Bear\Desktop\program\C\gao\Debug\gao.exe
C:\Users\Bear\Desktop\program\C\gao\Debug\gao.ilk
