
****** PlanAhead v14.7 (64-bit)
  **** Build 321239 by xbuild on Fri Sep 27 19:29:51 MDT 2013
    ** Copyright 1986-1999, 2001-2013 Xilinx, Inc. All Rights Reserved.

INFO: [Common 17-78] Attempting to get a license: PlanAhead
INFO: [Common 17-290] Got license for PlanAhead
INFO: [Common 17-86] Your PlanAhead license expires in -867 day(s)
INFO: [Device 21-36] Loading parts and site information from G:/Xilinx/14.7/ISE_DS/PlanAhead/data/parts/arch.xml
Parsing RTL primitives file [G:/Xilinx/14.7/ISE_DS/PlanAhead/data/parts/xilinx/rtl/prims/rtl_prims.xml]
Finished parsing RTL primitives file [G:/Xilinx/14.7/ISE_DS/PlanAhead/data/parts/xilinx/rtl/prims/rtl_prims.xml]
start_gui
source F:/git/FPGA/Examination/mmmmmm/pa.fromNetlist.tcl
# create_project -name mmmmmm -dir "F:/git/FPGA/Examination/mmmmmm/planAhead_run_1" -part xc7a100tcsg324-3
# set_property design_mode GateLvl [get_property srcset [current_run -impl]]
# set_property edif_top_file "F:/git/FPGA/Examination/mmmmmm/main.ngc" [ get_property srcset [ current_run ] ]
# add_files -norecurse { {F:/git/FPGA/Examination/mmmmmm} }
# set_param project.pinAheadLayout  yes
# set_property target_constrs_file "F:/git/FPGA/Examination/mmmmmm/main.ucf" [current_fileset -constrset]
Adding file 'F:/git/FPGA/Examination/mmmmmm/main.ucf' to fileset 'constrs_1'
# add_files [list {HFFF.ucf}] -fileset [get_property constrset [current_run]]
# add_files [list {main.ucf}] -fileset [get_property constrset [current_run]]
# link_design
Design is defaulting to srcset: sources_1
Design is defaulting to constrset: constrs_1
Design is defaulting to project part: xc7a100tcsg324-3
Release 14.7 - ngc2edif P.20131013 (nt64)
Copyright (c) 1995-2013 Xilinx, Inc.  All rights reserved.
Reading design main.ngc ...
WARNING:NetListWriters:298 - No output is written to main.xncf, ignored.
Processing design ...
   Preping design's networks ...
   Preping design's macros ...
  finished :Prep
Writing EDIF netlist file main.edif ...
ngc2edif: Total memory usage is 82096 kilobytes

Parsing EDIF File [./planAhead_run_1/mmmmmm.data/cache/main_ngc_zx.edif]
Finished Parsing EDIF File [./planAhead_run_1/mmmmmm.data/cache/main_ngc_zx.edif]
INFO: [Netlist 29-17] Analyzing 20 Unisim elements for replacement
INFO: [Netlist 29-28] Unisim Transformation completed in 0 CPU seconds
Loading clock regions from G:/Xilinx/14.7/ISE_DS/PlanAhead/data\parts/xilinx/artix7/artix7/xc7a100t/ClockRegion.xml
Loading clock buffers from G:/Xilinx/14.7/ISE_DS/PlanAhead/data\parts/xilinx/artix7/artix7/xc7a100t/ClockBuffers.xml
Loading clock placement rules from G:/Xilinx/14.7/ISE_DS/PlanAhead/data/parts/xilinx/artix7/ClockPlacerRules.xml
Loading package pin functions from G:/Xilinx/14.7/ISE_DS/PlanAhead/data\parts/xilinx/artix7/PinFunctions.xml...
Loading package from G:/Xilinx/14.7/ISE_DS/PlanAhead/data\parts/xilinx/artix7/artix7/xc7a100t/csg324/Package.xml
Loading io standards from G:/Xilinx/14.7/ISE_DS/PlanAhead/data\./parts/xilinx/artix7/IOStandards.xml
Loading device configuration modes from G:/Xilinx/14.7/ISE_DS/PlanAhead/data\parts/xilinx/artix7/ConfigModes.xml
Loading list of drcs for the architecture : G:/Xilinx/14.7/ISE_DS/PlanAhead/data\./parts/xilinx/artix7/drc.xml
Parsing UCF File [F:/git/FPGA/Examination/mmmmmm/main.ucf]
Finished Parsing UCF File [F:/git/FPGA/Examination/mmmmmm/main.ucf]
Parsing UCF File [F:/git/FPGA/Examination/mmmmmm/HFFF.ucf]
Finished Parsing UCF File [F:/git/FPGA/Examination/mmmmmm/HFFF.ucf]
INFO: [Project 1-111] Unisim Transformation Summary:
  A total of 20 instances were transformed.
  BUFGP => BUFGP (IBUF, BUFG): 1 instances
  FDC => FDCE: 19 instances

Phase 0 | Netlist Checksum: 401619ed
link_design: Time (s): elapsed = 00:00:14 . Memory (MB): peak = 806.340 ; gain = 331.508
exit
ERROR: [Common 17-39] 'stop_gui' failed due to earlier errors.
INFO: [Common 17-206] Exiting PlanAhead at Fri May 17 10:37:34 2019...
INFO: [Common 17-83] Releasing license: PlanAhead
