G:\1编程\C++\VS2012\ATM\ATM\DEBUG\DEPOSIT.OBJ
G:\1编程\C++\VS2012\ATM\ATM\DEBUG\EMPTY_ATM.OBJ
G:\1编程\C++\VS2012\ATM\ATM\DEBUG\FRIST.OBJ
G:\1编程\C++\VS2012\ATM\ATM\DEBUG\FUNCTION.OBJ
G:\1编程\C++\VS2012\ATM\ATM\DEBUG\LBF_DIFINITION.OBJ
G:\1编程\C++\VS2012\ATM\ATM\DEBUG\LOGIN.OBJ
G:\1编程\C++\VS2012\ATM\ATM\DEBUG\MAIN.OBJ
G:\1编程\C++\VS2012\ATM\ATM\DEBUG\MANAGE.OBJ
G:\1编程\C++\VS2012\ATM\ATM\DEBUG\QUERY.OBJ
G:\1编程\C++\VS2012\ATM\ATM\DEBUG\REGISTER.OBJ
G:\1编程\C++\VS2012\ATM\ATM\DEBUG\TIGHTEN.OBJ
G:\1编程\C++\VS2012\ATM\ATM\DEBUG\VIREMENT.OBJ
G:\1编程\C++\VS2012\ATM\ATM\DEBUG\WATER.OBJ
G:\1编程\C++\VS2012\ATM\ATM\DEBUG\WITHDRAW_MONEY.OBJ
G:\1编程\C++\VS2012\ATM\ATM\DEBUG\VC110.PDB
G:\1编程\C++\VS2012\ATM\DEBUG\ATM.ILK
G:\1编程\C++\VS2012\ATM\DEBUG\ATM.EXE
G:\1编程\C++\VS2012\ATM\DEBUG\ATM.PDB
G:\1编程\C++\vs2012\ATM\ATM\Debug\Deposit.obj
G:\1编程\C++\vs2012\ATM\ATM\Debug\Empty_ATM.obj
G:\1编程\C++\vs2012\ATM\ATM\Debug\Frist.obj
G:\1编程\C++\vs2012\ATM\ATM\Debug\Function.obj
G:\1编程\C++\vs2012\ATM\ATM\Debug\lbf_Difinition.obj
G:\1编程\C++\vs2012\ATM\ATM\Debug\Login.obj
G:\1编程\C++\vs2012\ATM\ATM\Debug\main.obj
G:\1编程\C++\vs2012\ATM\ATM\Debug\Manage.obj
G:\1编程\C++\vs2012\ATM\ATM\Debug\Query.obj
G:\1编程\C++\vs2012\ATM\ATM\Debug\Register.obj
G:\1编程\C++\vs2012\ATM\ATM\Debug\Tighten.obj
G:\1编程\C++\vs2012\ATM\ATM\Debug\Virement.obj
G:\1编程\C++\vs2012\ATM\ATM\Debug\Water.obj
G:\1编程\C++\vs2012\ATM\ATM\Debug\Withdraw_money.obj
G:\1编程\C++\vs2012\ATM\ATM\Debug\cl.command.1.tlog
G:\1编程\C++\vs2012\ATM\ATM\Debug\CL.read.1.tlog
G:\1编程\C++\vs2012\ATM\ATM\Debug\CL.write.1.tlog
G:\1编程\C++\vs2012\ATM\ATM\Debug\link-cvtres.read.1.tlog
G:\1编程\C++\vs2012\ATM\ATM\Debug\link-cvtres.write.1.tlog
G:\1编程\C++\vs2012\ATM\ATM\Debug\link-rc.read.1.tlog
G:\1编程\C++\vs2012\ATM\ATM\Debug\link-rc.write.1.tlog
G:\1编程\C++\vs2012\ATM\ATM\Debug\link.command.1.tlog
G:\1编程\C++\vs2012\ATM\ATM\Debug\link.read.1.tlog
G:\1编程\C++\vs2012\ATM\ATM\Debug\link.write.1.tlog
G:\1编程\C++\vs2012\ATM\ATM\Debug\vc110.idb
G:\1编程\C++\vs2012\ATM\ATM\Debug\vc110.pdb
G:\1编程\C++\vs2012\ATM\Debug\ATM.pdb
G:\1编程\C++\vs2012\ATM\Debug\ATM.exe
G:\1编程\C++\vs2012\ATM\Debug\ATM.ilk
