C51 COMPILER V9.52.0.0   T1                                                                05/01/2019 15:10:48 PAGE 1   


C51 COMPILER V9.52.0.0, COMPILATION OF MODULE T1
OBJECT MODULE PLACED IN t1.OBJ
COMPILER INVOKED BY: g:\Keil\C51\BIN\C51.EXE t1.c BROWSE DEBUG OBJECTEXTEND

line level    source

   1          #include <reg51.h>
   2          
   3          void yanshi()
   4          {
   5   1              int i = 0;
   6   1              int j = 0;
   7   1              while(i < 10)
   8   1              {
   9   2                      while(j < 1000)
  10   2                      {
  11   3                              j++;
  12   3                      }
  13   2                      j = 0;
  14   2                      i++;
  15   2              }
  16   1      }
  17          
  18          void main()
  19          {
  20   1              while(1)
  21   1              {
  22   2                      P2 = 0xfe;
  23   2                      yanshi();
  24   2                      P2 = 0xfd;
  25   2                      yanshi();
  26   2                      P2 = 0xfb;
  27   2                      yanshi();
  28   2                      P2 = 0xf7;
  29   2                      yanshi();
  30   2                      P2 = 0xef;
  31   2                      yanshi();
  32   2                      P2 = 0xde;
  33   2                      yanshi();
  34   2                      P2 = 0xbf;
  35   2                      yanshi();
  36   2                      P2 = 0x7f;
  37   2                      yanshi();
  38   2              }
  39   1      }


MODULE INFORMATION:   STATIC OVERLAYABLE
   CODE SIZE        =     88    ----
   CONSTANT SIZE    =   ----    ----
   XDATA SIZE       =   ----    ----
   PDATA SIZE       =   ----    ----
   DATA SIZE        =   ----    ----
   IDATA SIZE       =   ----    ----
   BIT SIZE         =   ----    ----
END OF MODULE INFORMATION.


C51 COMPILATION COMPLETE.  0 WARNING(S),  0 ERROR(S)
