Release 14.7 - xst P.20131013 (nt64)
Copyright (c) 1995-2013 Xilinx, Inc.  All rights reserved.
--> Parameter TMPDIR set to xst/projnav.tmp


Total REAL time to Xst completion: 1.00 secs
Total CPU time to Xst completion: 1.15 secs
 
--> Parameter xsthdpdir set to xst


Total REAL time to Xst completion: 1.00 secs
Total CPU time to Xst completion: 1.15 secs
 
--> Reading design: ip_ver.prj

TABLE OF CONTENTS
  1) Synthesis Options Summary
  2) HDL Parsing
  3) HDL Elaboration
  4) HDL Synthesis
       4.1) HDL Synthesis Report
  5) Advanced HDL Synthesis
       5.1) Advanced HDL Synthesis Report
  6) Low Level Synthesis
  7) Partition Report
  8) Design Summary
       8.1) Primitive and Black Box Usage
       8.2) Device utilization summary
       8.3) Partition Resource Summary
       8.4) Timing Report
            8.4.1) Clock Information
            8.4.2) Asynchronous Control Signals Information
            8.4.3) Timing Summary
            8.4.4) Timing Details
            8.4.5) Cross Clock Domains Report


=========================================================================
*                      Synthesis Options Summary                        *
=========================================================================
---- Source Parameters
Input File Name                    : "ip_ver.prj"
Ignore Synthesis Constraint File   : NO

---- Target Parameters
Output File Name                   : "ip_ver"
Output Format                      : NGC
Target Device                      : xc7a100t-3-csg324

---- Source Options
Top Module Name                    : ip_ver
Automatic FSM Extraction           : YES
FSM Encoding Algorithm             : Auto
Safe Implementation                : No
FSM Style                          : LUT
RAM Extraction                     : Yes
RAM Style                          : Auto
ROM Extraction                     : Yes
Shift Register Extraction          : YES
ROM Style                          : Auto
Resource Sharing                   : YES
Asynchronous To Synchronous        : NO
Shift Register Minimum Size        : 2
Use DSP Block                      : Auto
Automatic Register Balancing       : No

---- Target Options
LUT Combining                      : Auto
Reduce Control Sets                : Auto
Add IO Buffers                     : YES
Global Maximum Fanout              : 100000
Add Generic Clock Buffer(BUFG)     : 32
Register Duplication               : YES
Optimize Instantiated Primitives   : NO
Use Clock Enable                   : Auto
Use Synchronous Set                : Auto
Use Synchronous Reset              : Auto
Pack IO Registers into IOBs        : Auto
Equivalent register Removal        : YES

---- General Options
Optimization Goal                  : Speed
Optimization Effort                : 1
Power Reduction                    : NO
Keep Hierarchy                     : No
Netlist Hierarchy                  : As_Optimized
RTL Output                         : Yes
Global Optimization                : AllClockNets
Read Cores                         : YES
Write Timing Constraints           : NO
Cross Clock Analysis               : NO
Hierarchy Separator                : /
Bus Delimiter                      : <>
Case Specifier                     : Maintain
Slice Utilization Ratio            : 100
BRAM Utilization Ratio             : 100
DSP48 Utilization Ratio            : 100
Auto BRAM Packing                  : NO
Slice Utilization Ratio Delta      : 5

---- Other Options
Cores Search Directories           : {"ipcore_dir"  }

=========================================================================


=========================================================================
*                          HDL Parsing                                  *
=========================================================================
Analyzing Verilog file "F:\git\FPGA\Examination\IPPP\ipcore_dir\ip1.v" into library work
Parsing module <ip1>.
Analyzing Verilog file "F:\git\FPGA\Examination\IPPP\ip_ver.v" into library work
Parsing module <ip_ver>.

=========================================================================
*                            HDL Elaboration                            *
=========================================================================

Elaborating module <ip_ver>.

Elaborating module <ip1>.

Elaborating module <IBUFG>.

Elaborating module <MMCME2_ADV(BANDWIDTH="OPTIMIZED",CLKOUT4_CASCADE="FALSE",COMPENSATION="ZHOLD",STARTUP_WAIT="FALSE",DIVCLK_DIVIDE=4,CLKFBOUT_MULT_F=36.375,CLKFBOUT_PHASE=0.0,CLKFBOUT_USE_FINE_PS="FALSE",CLKOUT0_DIVIDE_F=36.375,CLKOUT0_PHASE=0.0,CLKOUT0_DUTY_CYCLE=0.5,CLKOUT0_USE_FINE_PS="FALSE",CLKIN1_PERIOD=10.0,REF_JITTER1=0.01)>.
WARNING:HDLCompiler:1127 - "F:\git\FPGA\Examination\IPPP\ipcore_dir\ip1.v" Line 127: Assignment to clkfboutb_unused ignored, since the identifier is never used
WARNING:HDLCompiler:1127 - "F:\git\FPGA\Examination\IPPP\ipcore_dir\ip1.v" Line 129: Assignment to clkout0b_unused ignored, since the identifier is never used
WARNING:HDLCompiler:1127 - "F:\git\FPGA\Examination\IPPP\ipcore_dir\ip1.v" Line 130: Assignment to clkout1_unused ignored, since the identifier is never used
WARNING:HDLCompiler:1127 - "F:\git\FPGA\Examination\IPPP\ipcore_dir\ip1.v" Line 131: Assignment to clkout1b_unused ignored, since the identifier is never used
WARNING:HDLCompiler:1127 - "F:\git\FPGA\Examination\IPPP\ipcore_dir\ip1.v" Line 132: Assignment to clkout2_unused ignored, since the identifier is never used
WARNING:HDLCompiler:1127 - "F:\git\FPGA\Examination\IPPP\ipcore_dir\ip1.v" Line 133: Assignment to clkout2b_unused ignored, since the identifier is never used
WARNING:HDLCompiler:1127 - "F:\git\FPGA\Examination\IPPP\ipcore_dir\ip1.v" Line 134: Assignment to clkout3_unused ignored, since the identifier is never used
WARNING:HDLCompiler:1127 - "F:\git\FPGA\Examination\IPPP\ipcore_dir\ip1.v" Line 135: Assignment to clkout3b_unused ignored, since the identifier is never used
WARNING:HDLCompiler:1127 - "F:\git\FPGA\Examination\IPPP\ipcore_dir\ip1.v" Line 136: Assignment to clkout4_unused ignored, since the identifier is never used
WARNING:HDLCompiler:1127 - "F:\git\FPGA\Examination\IPPP\ipcore_dir\ip1.v" Line 137: Assignment to clkout5_unused ignored, since the identifier is never used
WARNING:HDLCompiler:1127 - "F:\git\FPGA\Examination\IPPP\ipcore_dir\ip1.v" Line 138: Assignment to clkout6_unused ignored, since the identifier is never used
WARNING:HDLCompiler:1127 - "F:\git\FPGA\Examination\IPPP\ipcore_dir\ip1.v" Line 150: Assignment to do_unused ignored, since the identifier is never used
WARNING:HDLCompiler:1127 - "F:\git\FPGA\Examination\IPPP\ipcore_dir\ip1.v" Line 151: Assignment to drdy_unused ignored, since the identifier is never used
WARNING:HDLCompiler:1127 - "F:\git\FPGA\Examination\IPPP\ipcore_dir\ip1.v" Line 157: Assignment to psdone_unused ignored, since the identifier is never used
WARNING:HDLCompiler:1127 - "F:\git\FPGA\Examination\IPPP\ipcore_dir\ip1.v" Line 160: Assignment to clkinstopped_unused ignored, since the identifier is never used
WARNING:HDLCompiler:1127 - "F:\git\FPGA\Examination\IPPP\ipcore_dir\ip1.v" Line 161: Assignment to clkfbstopped_unused ignored, since the identifier is never used

Elaborating module <BUFG>.
WARNING:HDLCompiler:1127 - "F:\git\FPGA\Examination\IPPP\ip_ver.v" Line 32: Assignment to Clk_25M ignored, since the identifier is never used
WARNING:HDLCompiler:1127 - "F:\git\FPGA\Examination\IPPP\ip_ver.v" Line 35: Assignment to Locked ignored, since the identifier is never used

=========================================================================
*                           HDL Synthesis                               *
=========================================================================

Synthesizing Unit <ip_ver>.
    Related source file is "F:\git\FPGA\Examination\IPPP\ip_ver.v".
WARNING:Xst:647 - Input <Clk_25M> is never used. This port will be preserved and left unconnected if it belongs to a top-level block or it belongs to a sub-block and the hierarchy of this sub-block is preserved.
INFO:Xst:3210 - "F:\git\FPGA\Examination\IPPP\ip_ver.v" line 28: Output port <Clk_25M> of the instance <instance_name> is unconnected or connected to loadless signal.
INFO:Xst:3210 - "F:\git\FPGA\Examination\IPPP\ip_ver.v" line 28: Output port <Locked> of the instance <instance_name> is unconnected or connected to loadless signal.
WARNING:Xst:653 - Signal <Reset> is used but never assigned. This sourceless signal will be automatically connected to value GND.
    Summary:
	no macro.
Unit <ip_ver> synthesized.

Synthesizing Unit <ip1>.
    Related source file is "F:\git\FPGA\Examination\IPPP\ipcore_dir\ip1.v".
    Summary:
	no macro.
Unit <ip1> synthesized.

=========================================================================
HDL Synthesis Report

Found no macro
=========================================================================

=========================================================================
*                       Advanced HDL Synthesis                          *
=========================================================================


=========================================================================
Advanced HDL Synthesis Report

Found no macro
=========================================================================

=========================================================================
*                         Low Level Synthesis                           *
=========================================================================

Optimizing unit <ip_ver> ...

Mapping all equations...
Building and optimizing final netlist ...
Found area constraint ratio of 100 (+ 5) on block ip_ver, actual ratio is 0.

Final Macro Processing ...

=========================================================================
Final Register Report

Found no macro
=========================================================================

=========================================================================
*                           Partition Report                            *
=========================================================================

Partition Implementation Status
-------------------------------

  No Partitions were found in this design.

-------------------------------

=========================================================================
*                            Design Summary                             *
=========================================================================

Top Level Output File Name         : ip_ver.ngc

Primitive and Black Box Usage:
------------------------------
# BELS                             : 2
#      GND                         : 1
#      VCC                         : 1
# Clock Buffers                    : 2
#      BUFG                        : 2
# IO Buffers                       : 2
#      IBUFG                       : 1
#      OBUF                        : 1
# Others                           : 1
#      MMCME2_ADV                  : 1

Device utilization summary:
---------------------------

Selected Device : 7a100tcsg324-3 


Slice Logic Utilization: 

Slice Logic Distribution: 
 Number of LUT Flip Flop pairs used:      0
   Number with an unused Flip Flop:       0  out of      0         
   Number with an unused LUT:             0  out of      0         
   Number of fully used LUT-FF pairs:     0  out of      0         
   Number of unique control sets:         0

IO Utilization: 
 Number of IOs:                           4
 Number of bonded IOBs:                   2  out of    210     0%  

Specific Feature Utilization:
 Number of BUFG/BUFGCTRLs:                2  out of     32     6%  

---------------------------
Partition Resource Summary:
---------------------------

  No Partitions were found in this design.

---------------------------


=========================================================================
Timing Report

NOTE: THESE TIMING NUMBERS ARE ONLY A SYNTHESIS ESTIMATE.
      FOR ACCURATE TIMING INFORMATION PLEASE REFER TO THE TRACE REPORT
      GENERATED AFTER PLACE-and-ROUTE.

Clock Information:
------------------
No clock signals found in this design

Asynchronous Control Signals Information:
----------------------------------------
No asynchronous control signals found in this design

Timing Summary:
---------------
Speed Grade: -3

   Minimum period: No path found
   Minimum input arrival time before clock: No path found
   Maximum output required time after clock: No path found
   Maximum combinational path delay: 0.001ns

Timing Details:
---------------
All values displayed in nanoseconds (ns)

=========================================================================
Timing constraint: Default path analysis
  Total number of paths / destination ports: 1 / 1
-------------------------------------------------------------------------
Delay:               0.001ns (Levels of Logic = 1)
  Source:            Clk (PAD)
  Destination:       instance_name/mmcm_adv_inst:CLKIN1 (PAD)

  Data Path: Clk to instance_name/mmcm_adv_inst:CLKIN1
                                Gate     Net
    Cell:in->out      fanout   Delay   Delay  Logical Name (Net Name)
    ----------------------------------------  ------------
     IBUFG:I->O            0   0.001   0.000  instance_name/clkin1_buf (instance_name/clkin1)
    MMCME2_ADV:CLKIN1          0.000          instance_name/mmcm_adv_inst
    ----------------------------------------
    Total                      0.001ns (0.001ns logic, 0.000ns route)
                                       (100.0% logic, 0.0% route)

=========================================================================

Cross Clock Domains Report:
--------------------------

=========================================================================


Total REAL time to Xst completion: 38.00 secs
Total CPU time to Xst completion: 38.16 secs
 
--> 

Total memory usage is 450620 kilobytes

Number of errors   :    0 (   0 filtered)
Number of warnings :   20 (   0 filtered)
Number of infos    :    2 (   0 filtered)

