生成启动时间为 2018/11/21 8:37:12。
     1>项目“E:\1编程\C++\vs2012\ATM\ATM\ATM.vcxproj”在节点 2 上(Build 个目标)。
     1>ClCompile:
         E:\Program Files (x86)\Microsoft Visual Studio 11.0\VC\bin\CL.exe /c /ZI /nologo /W3 /WX- /Od /Oy- /D _MBCS /Gm /EHsc /RTC1 /MDd /GS /fp:precise /Zc:wchar_t /Zc:forScope /Fo"Debug\\" /Fd"Debug\vc110.pdb" /Gd /TP /analyze- /errorReport:prompt main.cpp
         main.cpp
       Link:
         E:\Program Files (x86)\Microsoft Visual Studio 11.0\VC\bin\link.exe /ERRORREPORT:PROMPT /OUT:"E:\1编程\C++\vs2012\ATM\Debug\ATM.exe" /INCREMENTAL /NOLOGO kernel32.lib user32.lib gdi32.lib winspool.lib comdlg32.lib advapi32.lib shell32.lib ole32.lib oleaut32.lib uuid.lib odbc32.lib odbccp32.lib /MANIFEST /MANIFESTUAC:"level='asInvoker' uiAccess='false'" /manifest:embed /DEBUG /PDB:"E:\1编程\C++\vs2012\ATM\Debug\ATM.pdb" /TLBID:1 /DYNAMICBASE /NXCOMPAT /IMPLIB:"E:\1编程\C++\vs2012\ATM\Debug\ATM.lib" /MACHINE:X86 Debug\Deposit.obj
         Debug\Empty_ATM.obj
         Debug\Frist.obj
         Debug\Function.obj
         Debug\lbf_Difinition.obj
         Debug\Login.obj
         Debug\main.obj
         Debug\Manage.obj
         Debug\Query.obj
         Debug\Register.obj
         Debug\Tighten.obj
         Debug\Virement.obj
         Debug\Water.obj
         Debug\Withdraw_money.obj
         ATM.vcxproj -> E:\1编程\C++\vs2012\ATM\Debug\ATM.exe
     1>已完成生成项目“E:\1编程\C++\vs2012\ATM\ATM\ATM.vcxproj”(Build 个目标)的操作。

生成成功。

已用时间 00:00:02.11
