Added Component: Designator=C1(CF0.1-6.5)
Added Component: Designator=C3(RAD-0.2)
Added Component: Designator=C8(CF0.2-13)
Added Component: Designator=C9(RAD-0.2)
Added Component: Designator=C13(CF0.1-6.5)
Added Component: Designator=D1(DIO10.46-5.3x2.8)
Added Component: Designator=D2(DIO10.46-5.3x2.8)
Added Component: Designator=D4(DIO10.46-5.3x2.8)
Added Component: Designator=D5(DIO10.46-5.3x2.8)
Added Component: Designator=IN(HDR1X3)
Added Component: Designator=OUTL(HDR1X2)
Added Component: Designator=OUTR(HDR1X2)
Added Component: Designator=PW(HDR1X2)
Added Component: Designator=R1(RAD-0.1)
Added Component: Designator=R3(RAD-0.1)
Added Pin To Net: NetName=GND Pin=C8-2
Added Pin To Net: NetName=GND Pin=D4-1
Added Pin To Net: NetName=GND Pin=D5-1
Added Pin To Net: NetName=GND Pin=IN-2
Added Pin To Net: NetName=GND Pin=OUTL-1
Added Pin To Net: NetName=GND Pin=OUTR-1
Added Net: Name=GND
Added Pin To Net: NetName=NetC1_1 Pin=C1-1
Added Net: Name=NetC1_1
Added Pin To Net: NetName=NetC1_2 Pin=C1-2
Added Pin To Net: NetName=NetC1_2 Pin=OUTL-2
Added Net: Name=NetC1_2
Added Pin To Net: NetName=NetC3_1 Pin=C3-1
Added Net: Name=NetC3_1
Added Pin To Net: NetName=NetC3_2 Pin=C3-2
Added Net: Name=NetC3_2
Added Pin To Net: NetName=NetC4_1 Pin=R1-2
Added Net: Name=NetC4_1
Added Net: Name=NetC5_1
Added Net: Name=NetC6_1
Added Pin To Net: NetName=NetC9_1 Pin=C9-1
Added Net: Name=NetC9_1
Added Pin To Net: NetName=NetC9_2 Pin=C9-2
Added Net: Name=NetC9_2
Added Net: Name=NetC10_1
Added Pin To Net: NetName=NetC10_2 Pin=C13-1
Added Net: Name=NetC10_2
Added Pin To Net: NetName=NetC11_1 Pin=R3-1
Added Net: Name=NetC11_1
Added Pin To Net: NetName=NetC13_2 Pin=C13-2
Added Pin To Net: NetName=NetC13_2 Pin=OUTR-2
Added Net: Name=NetC13_2
Added Pin To Net: NetName=NetD1_1 Pin=D1-1
Added Pin To Net: NetName=NetD1_1 Pin=D4-2
Added Pin To Net: NetName=NetD1_1 Pin=PW-1
Added Net: Name=NetD1_1
Added Pin To Net: NetName=NetD2_1 Pin=D2-1
Added Pin To Net: NetName=NetD2_1 Pin=D5-2
Added Pin To Net: NetName=NetD2_1 Pin=PW-2
Added Net: Name=NetD2_1
Added Net: Name=NetD3_2
Added Pin To Net: NetName=NetIN_1 Pin=IN-1
Added Net: Name=NetIN_1
Added Pin To Net: NetName=NetIN_3 Pin=IN-3
Added Net: Name=NetIN_3
Added Pin To Net: NetName=NetR1_1 Pin=R1-1
Added Net: Name=NetR1_1
Added Pin To Net: NetName=NetR3_2 Pin=R3-2
Added Net: Name=NetR3_2
Added Pin To Net: NetName=VCC Pin=C8-1
Added Pin To Net: NetName=VCC Pin=D1-2
Added Pin To Net: NetName=VCC Pin=D2-2
Added Net: Name=VCC
Added Class: Name=2025
Added Room: Name=2025
