Added Component: Designator=C1(CF0.1-6.5)
Added Component: Designator=C2(RAD0.1)
Added Component: Designator=C3(RAD-0.2)
Added Component: Designator=C4(CF0.1)
Added Component: Designator=C5(CF0.1)
Added Component: Designator=C6(CF0.1)
Added Component: Designator=C7(RAD0.1)
Added Component: Designator=C8(CF0.2-13)
Added Component: Designator=C9(RAD-0.2)
Added Component: Designator=C10(CF0.1)
Added Component: Designator=C11(CF0.1)
Added Component: Designator=C12(RAD0.1)
Added Component: Designator=C13(CF0.1-6.5)
Added Component: Designator=D1(DIO10.46-5.3x2.8)
Added Component: Designator=D2(DIO10.46-5.3x2.8)
Added Component: Designator=D3(LED)
Added Component: Designator=D4(DIO10.46-5.3x2.8)
Added Component: Designator=D5(DIO10.46-5.3x2.8)
Added Component: Designator=IN(HDR1X3)
Added Component: Designator=OUTL(HDR1X2)
Added Component: Designator=OUTR(HDR1X2)
Added Component: Designator=PW(HDR1X2)
Added Component: Designator=R1(RAD-0.1)
Added Component: Designator=R2(RAD0.1)
Added Component: Designator=R3(RAD0.1)
Added Component: Designator=RW1(RW)
Added Component: Designator=U1(DIP16)
Added Pin To Net: NetName=NetC1_1 Pin=C1-1
Added Pin To Net: NetName=NetC1_2 Pin=C1-2
Added Pin To Net: NetName=GND Pin=C2-1
Added Pin To Net: NetName=NetC1_1 Pin=C2-2
Added Pin To Net: NetName=NetC3_1 Pin=C3-1
Added Pin To Net: NetName=NetC3_2 Pin=C3-2
Added Pin To Net: NetName=NetC4_1 Pin=C4-1
Added Pin To Net: NetName=GND Pin=C4-2
Added Pin To Net: NetName=NetC5_1 Pin=C5-1
Added Pin To Net: NetName=NetC1_1 Pin=C5-2
Added Pin To Net: NetName=NetC6_1 Pin=C6-1
Added Pin To Net: NetName=GND Pin=C6-2
Added Pin To Net: NetName=GND Pin=C7-1
Added Pin To Net: NetName=VCC Pin=C7-2
Added Pin To Net: NetName=VCC Pin=C8-1
Added Pin To Net: NetName=GND Pin=C8-2
Added Pin To Net: NetName=NetC9_1 Pin=C9-1
Added Pin To Net: NetName=NetC9_2 Pin=C9-2
Added Pin To Net: NetName=NetC10_1 Pin=C10-1
Added Pin To Net: NetName=NetC10_2 Pin=C10-2
Added Pin To Net: NetName=NetC11_1 Pin=C11-1
Added Pin To Net: NetName=GND Pin=C11-2
Added Pin To Net: NetName=NetC10_2 Pin=C12-1
Added Pin To Net: NetName=GND Pin=C12-2
Added Pin To Net: NetName=NetC10_2 Pin=C13-1
Added Pin To Net: NetName=NetC13_2 Pin=C13-2
Added Pin To Net: NetName=NetD1_1 Pin=D1-1
Added Pin To Net: NetName=VCC Pin=D1-2
Added Pin To Net: NetName=NetD2_1 Pin=D2-1
Added Pin To Net: NetName=VCC Pin=D2-2
Added Pin To Net: NetName=VCC Pin=D3-1
Added Pin To Net: NetName=NetD3_2 Pin=D3-2
Added Pin To Net: NetName=GND Pin=D4-1
Added Pin To Net: NetName=NetD1_1 Pin=D4-2
Added Pin To Net: NetName=GND Pin=D5-1
Added Pin To Net: NetName=NetD2_1 Pin=D5-2
Added Pin To Net: NetName=NetIN_1 Pin=IN-1
Added Pin To Net: NetName=GND Pin=IN-2
Added Pin To Net: NetName=NetIN_3 Pin=IN-3
Added Pin To Net: NetName=GND Pin=OUTL-1
Added Pin To Net: NetName=NetC1_2 Pin=OUTL-2
Added Pin To Net: NetName=GND Pin=OUTR-1
Added Pin To Net: NetName=NetC13_2 Pin=OUTR-2
Added Pin To Net: NetName=NetD1_1 Pin=PW-1
Added Pin To Net: NetName=NetD2_1 Pin=PW-2
Added Pin To Net: NetName=NetR1_1 Pin=R1-1
Added Pin To Net: NetName=NetC4_1 Pin=R1-2
Added Pin To Net: NetName=GND Pin=R2-1
Added Pin To Net: NetName=NetD3_2 Pin=R2-2
Added Pin To Net: NetName=NetC11_1 Pin=R3-1
Added Pin To Net: NetName=NetR3_2 Pin=R3-2
Added Pin To Net: NetName=GND Pin=RW1-1
Added Pin To Net: NetName=NetC3_1 Pin=RW1-2
Added Pin To Net: NetName=NetIN_3 Pin=RW1-3
Added Pin To Net: NetName=GND Pin=RW1-4
Added Pin To Net: NetName=NetC9_1 Pin=RW1-5
Added Pin To Net: NetName=NetIN_1 Pin=RW1-6
Added Pin To Net: NetName=NetC1_1 Pin=U1-2
Added Pin To Net: NetName=NetC5_1 Pin=U1-3
Added Pin To Net: NetName=GND Pin=U1-4
Added Pin To Net: NetName=GND Pin=U1-5
Added Pin To Net: NetName=NetR1_1 Pin=U1-6
Added Pin To Net: NetName=NetC3_2 Pin=U1-7
Added Pin To Net: NetName=NetC6_1 Pin=U1-8
Added Pin To Net: NetName=GND Pin=U1-9
Added Pin To Net: NetName=NetC9_2 Pin=U1-10
Added Pin To Net: NetName=NetR3_2 Pin=U1-11
Added Pin To Net: NetName=GND Pin=U1-12
Added Pin To Net: NetName=GND Pin=U1-13
Added Pin To Net: NetName=NetC10_1 Pin=U1-14
Added Pin To Net: NetName=NetC10_2 Pin=U1-15
Added Pin To Net: NetName=VCC Pin=U1-16
Added Member To Class: ClassName=2025 Member=Component C1 470u
Added Member To Class: ClassName=2025 Member=Component C2 0.1u
Added Member To Class: ClassName=2025 Member=Component C3 0.22
Added Member To Class: ClassName=2025 Member=Component C4 100u
Added Member To Class: ClassName=2025 Member=Component C5 100u
Added Member To Class: ClassName=2025 Member=Component C6 100u
Added Member To Class: ClassName=2025 Member=Component C7 Cap
Added Member To Class: ClassName=2025 Member=Component C8 CF
Added Member To Class: ClassName=2025 Member=Component C9 0.22
Added Member To Class: ClassName=2025 Member=Component C10 100u
Added Member To Class: ClassName=2025 Member=Component C11 100u
Added Member To Class: ClassName=2025 Member=Component C12 0.1u
Added Member To Class: ClassName=2025 Member=Component C13 470u
Added Member To Class: ClassName=2025 Member=Component D1 Diode 1N4007
Added Member To Class: ClassName=2025 Member=Component D2 Diode 1N4007
Added Member To Class: ClassName=2025 Member=Component D3 LED0
Added Member To Class: ClassName=2025 Member=Component D4 Diode 1N4007
Added Member To Class: ClassName=2025 Member=Component D5 Diode 1N4007
Added Member To Class: ClassName=2025 Member=Component IN 
Added Member To Class: ClassName=2025 Member=Component OUTL Header 2
Added Member To Class: ClassName=2025 Member=Component OUTR Header 2
Added Member To Class: ClassName=2025 Member=Component PW Header 2
Added Member To Class: ClassName=2025 Member=Component R1 1k
Added Member To Class: ClassName=2025 Member=Component R2 Res
Added Member To Class: ClassName=2025 Member=Component R3 1k
Added Member To Class: ClassName=2025 Member=Component RW1 RW
Added Member To Class: ClassName=2025 Member=Component U1 TEA2025
Added Room: Name=2025
