Release 14.7 - xst P.20131013 (nt64)
Copyright (c) 1995-2013 Xilinx, Inc.  All rights reserved.
--> Parameter TMPDIR set to xst/projnav.tmp


Total REAL time to Xst completion: 0.00 secs
Total CPU time to Xst completion: 0.08 secs
 
--> Parameter xsthdpdir set to xst


Total REAL time to Xst completion: 0.00 secs
Total CPU time to Xst completion: 0.09 secs
 
--> Reading design: top_register_8.prj

TABLE OF CONTENTS
  1) Synthesis Options Summary
  2) HDL Parsing
  3) HDL Elaboration
  4) HDL Synthesis
       4.1) HDL Synthesis Report
  5) Advanced HDL Synthesis
       5.1) Advanced HDL Synthesis Report
  6) Low Level Synthesis
  7) Partition Report
  8) Design Summary
       8.1) Primitive and Black Box Usage
       8.2) Device utilization summary
       8.3) Partition Resource Summary
       8.4) Timing Report
            8.4.1) Clock Information
            8.4.2) Asynchronous Control Signals Information
            8.4.3) Timing Summary
            8.4.4) Timing Details
            8.4.5) Cross Clock Domains Report


=========================================================================
*                      Synthesis Options Summary                        *
=========================================================================
---- Source Parameters
Input File Name                    : "top_register_8.prj"
Ignore Synthesis Constraint File   : NO

---- Target Parameters
Output File Name                   : "top_register_8"
Output Format                      : NGC
Target Device                      : xc7a100t-3-csg324

---- Source Options
Top Module Name                    : top_register_8
Automatic FSM Extraction           : YES
FSM Encoding Algorithm             : Auto
Safe Implementation                : No
FSM Style                          : LUT
RAM Extraction                     : Yes
RAM Style                          : Auto
ROM Extraction                     : Yes
Shift Register Extraction          : YES
ROM Style                          : Auto
Resource Sharing                   : YES
Asynchronous To Synchronous        : NO
Shift Register Minimum Size        : 2
Use DSP Block                      : Auto
Automatic Register Balancing       : No

---- Target Options
LUT Combining                      : Auto
Reduce Control Sets                : Auto
Add IO Buffers                     : YES
Global Maximum Fanout              : 100000
Add Generic Clock Buffer(BUFG)     : 32
Register Duplication               : YES
Optimize Instantiated Primitives   : NO
Use Clock Enable                   : Auto
Use Synchronous Set                : Auto
Use Synchronous Reset              : Auto
Pack IO Registers into IOBs        : Auto
Equivalent register Removal        : YES

---- General Options
Optimization Goal                  : Speed
Optimization Effort                : 1
Power Reduction                    : NO
Keep Hierarchy                     : No
Netlist Hierarchy                  : As_Optimized
RTL Output                         : Yes
Global Optimization                : AllClockNets
Read Cores                         : YES
Write Timing Constraints           : NO
Cross Clock Analysis               : NO
Hierarchy Separator                : /
Bus Delimiter                      : <>
Case Specifier                     : Maintain
Slice Utilization Ratio            : 100
BRAM Utilization Ratio             : 100
DSP48 Utilization Ratio            : 100
Auto BRAM Packing                  : NO
Slice Utilization Ratio Delta      : 5

=========================================================================


=========================================================================
*                          HDL Parsing                                  *
=========================================================================
Analyzing Verilog file "F:\git\FPGA\Examination\bit_26\register_8.v" into library work
Parsing module <register_8>.
Analyzing Verilog file "F:\git\FPGA\Examination\bit_26\mux_8_to_1.v" into library work
Parsing module <mux_8_to_1>.
Analyzing Verilog file "F:\git\FPGA\Examination\bit_26\cnt_26bit.v" into library work
Parsing module <cnt_26bit>.
Analyzing Verilog file "F:\git\FPGA\Examination\bit_26\top_register_8.v" into library work
Parsing module <top_register_8>.

=========================================================================
*                            HDL Elaboration                            *
=========================================================================

Elaborating module <top_register_8>.

Elaborating module <cnt_26bit>.

Elaborating module <mux_8_to_1>.

Elaborating module <register_8>.

=========================================================================
*                           HDL Synthesis                               *
=========================================================================

Synthesizing Unit <top_register_8>.
    Related source file is "F:\git\FPGA\Examination\bit_26\top_register_8.v".
    Summary:
	no macro.
Unit <top_register_8> synthesized.

Synthesizing Unit <cnt_26bit>.
    Related source file is "F:\git\FPGA\Examination\bit_26\cnt_26bit.v".
        Count_1s = 27'b100000000000000000000000000
    Found 26-bit register for signal <Cnt>.
    Found 8-bit register for signal <Clk_Div>.
    Found 8-bit adder for signal <Clk_Div[7]_GND_2_o_add_1_OUT> created at line 35.
    Found 26-bit adder for signal <Cnt[25]_GND_2_o_add_7_OUT> created at line 53.
    Summary:
	inferred   2 Adder/Subtractor(s).
	inferred  34 D-type flip-flop(s).
	inferred   1 Multiplexer(s).
Unit <cnt_26bit> synthesized.

Synthesizing Unit <mux_8_to_1>.
    Related source file is "F:\git\FPGA\Examination\bit_26\mux_8_to_1.v".
    Found 1-bit 8-to-1 multiplexer for signal <MUX_OUT> created at line 28.
    Summary:
	inferred   1 Multiplexer(s).
Unit <mux_8_to_1> synthesized.

Synthesizing Unit <register_8>.
    Related source file is "F:\git\FPGA\Examination\bit_26\register_8.v".
    Found 8-bit register for signal <LOUT>.
    Summary:
	inferred   8 D-type flip-flop(s).
Unit <register_8> synthesized.

=========================================================================
HDL Synthesis Report

Macro Statistics
# Adders/Subtractors                                   : 2
 26-bit adder                                          : 1
 8-bit adder                                           : 1
# Registers                                            : 3
 26-bit register                                       : 1
 8-bit register                                        : 2
# Multiplexers                                         : 2
 1-bit 8-to-1 multiplexer                              : 1
 8-bit 2-to-1 multiplexer                              : 1

=========================================================================

=========================================================================
*                       Advanced HDL Synthesis                          *
=========================================================================


Synthesizing (advanced) Unit <cnt_26bit>.
The following registers are absorbed into counter <Cnt>: 1 register on signal <Cnt>.
The following registers are absorbed into counter <Clk_Div>: 1 register on signal <Clk_Div>.
Unit <cnt_26bit> synthesized (advanced).

=========================================================================
Advanced HDL Synthesis Report

Macro Statistics
# Counters                                             : 2
 26-bit up counter                                     : 1
 8-bit up counter                                      : 1
# Registers                                            : 8
 Flip-Flops                                            : 8
# Multiplexers                                         : 1
 1-bit 8-to-1 multiplexer                              : 1

=========================================================================

=========================================================================
*                         Low Level Synthesis                           *
=========================================================================

Optimizing unit <register_8> ...

Optimizing unit <top_register_8> ...

Mapping all equations...
Building and optimizing final netlist ...
Found area constraint ratio of 100 (+ 5) on block top_register_8, actual ratio is 0.

Final Macro Processing ...

=========================================================================
Final Register Report

Macro Statistics
# Registers                                            : 42
 Flip-Flops                                            : 42

=========================================================================

=========================================================================
*                           Partition Report                            *
=========================================================================

Partition Implementation Status
-------------------------------

  No Partitions were found in this design.

-------------------------------

=========================================================================
*                            Design Summary                             *
=========================================================================

Top Level Output File Name         : top_register_8.ngc

Primitive and Black Box Usage:
------------------------------
# BELS                             : 124
#      GND                         : 1
#      INV                         : 2
#      LUT1                        : 32
#      LUT3                        : 1
#      LUT4                        : 8
#      LUT5                        : 1
#      LUT6                        : 11
#      MUXCY                       : 32
#      MUXF7                       : 1
#      VCC                         : 1
#      XORCY                       : 34
# FlipFlops/Latches                : 42
#      FDC                         : 33
#      FDCE                        : 8
#      FDP                         : 1
# Clock Buffers                    : 1
#      BUFGP                       : 1
# IO Buffers                       : 12
#      IBUF                        : 4
#      OBUF                        : 8

Device utilization summary:
---------------------------

Selected Device : 7a100tcsg324-3 


Slice Logic Utilization: 
 Number of Slice Registers:              42  out of  126800     0%  
 Number of Slice LUTs:                   55  out of  63400     0%  
    Number used as Logic:                55  out of  63400     0%  

Slice Logic Distribution: 
 Number of LUT Flip Flop pairs used:     63
   Number with an unused Flip Flop:      21  out of     63    33%  
   Number with an unused LUT:             8  out of     63    12%  
   Number of fully used LUT-FF pairs:    34  out of     63    53%  
   Number of unique control sets:         3

IO Utilization: 
 Number of IOs:                          13
 Number of bonded IOBs:                  13  out of    210     6%  

Specific Feature Utilization:
 Number of BUFG/BUFGCTRLs:                1  out of     32     3%  

---------------------------
Partition Resource Summary:
---------------------------

  No Partitions were found in this design.

---------------------------


=========================================================================
Timing Report

NOTE: THESE TIMING NUMBERS ARE ONLY A SYNTHESIS ESTIMATE.
      FOR ACCURATE TIMING INFORMATION PLEASE REFER TO THE TRACE REPORT
      GENERATED AFTER PLACE-and-ROUTE.

Clock Information:
------------------
-----------------------------------+------------------------+-------+
Clock Signal                       | Clock buffer(FF name)  | Load  |
-----------------------------------+------------------------+-------+
CLK_TOP                            | BUFGP                  | 34    |
Mux(t2/Mmux_MUX_OUT_2_f7:O)        | NONE(*)(t3/LOUT_7)     | 8     |
-----------------------------------+------------------------+-------+
(*) This 1 clock signal(s) are generated by combinatorial logic,
and XST is not able to identify which are the primary clock signals.
Please use the CLOCK_SIGNAL constraint to specify the clock signal(s) generated by combinatorial logic.
INFO:Xst:2169 - HDL ADVISOR - Some clock signals were not automatically buffered by XST with BUFG/BUFR resources. Please use the buffer_type constraint in order to insert these buffers to the clock signals to help prevent skew problems.

Asynchronous Control Signals Information:
----------------------------------------
No asynchronous control signals found in this design

Timing Summary:
---------------
Speed Grade: -3

   Minimum period: 2.605ns (Maximum Frequency: 383.833MHz)
   Minimum input arrival time before clock: 0.738ns
   Maximum output required time after clock: 0.645ns
   Maximum combinational path delay: No path found

Timing Details:
---------------
All values displayed in nanoseconds (ns)

=========================================================================
Timing constraint: Default period analysis for Clock 'CLK_TOP'
  Clock period: 2.605ns (frequency: 383.833MHz)
  Total number of paths / destination ports: 947 / 42
-------------------------------------------------------------------------
Delay:               2.605ns (Levels of Logic = 3)
  Source:            t1/Cnt_7 (FF)
  Destination:       t1/Clk_Div_0 (FF)
  Source Clock:      CLK_TOP rising
  Destination Clock: CLK_TOP rising

  Data Path: t1/Cnt_7 to t1/Clk_Div_0
                                Gate     Net
    Cell:in->out      fanout   Delay   Delay  Logical Name (Net Name)
    ----------------------------------------  ------------
     FDC:C->Q              3   0.361   0.703  t1/Cnt_7 (t1/Cnt_7)
     LUT6:I0->O            9   0.097   0.548  t1/Cnt[17]_GND_2_o_equal_1_o<17>2 (t1/Cnt[17]_GND_2_o_equal_1_o<17>1)
     LUT3:I0->O            1   0.097   0.295  t1/Cnt[17]_GND_2_o_equal_1_o<17>4 (t1/Cnt[17]_GND_2_o_equal_1_o)
     LUT6:I5->O            8   0.097   0.311  t1/_n0029_inv7 (t1/_n0029_inv)
     FDCE:CE                   0.095          t1/Clk_Div_0
    ----------------------------------------
    Total                      2.605ns (0.747ns logic, 1.858ns route)
                                       (28.7% logic, 71.3% route)

=========================================================================
Timing constraint: Default period analysis for Clock 'Mux'
  Clock period: 0.653ns (frequency: 1532.567MHz)
  Total number of paths / destination ports: 8 / 8
-------------------------------------------------------------------------
Delay:               0.653ns (Levels of Logic = 0)
  Source:            t3/LOUT_6 (FF)
  Destination:       t3/LOUT_7 (FF)
  Source Clock:      Mux rising
  Destination Clock: Mux rising

  Data Path: t3/LOUT_6 to t3/LOUT_7
                                Gate     Net
    Cell:in->out      fanout   Delay   Delay  Logical Name (Net Name)
    ----------------------------------------  ------------
     FDC:C->Q              2   0.361   0.283  t3/LOUT_6 (t3/LOUT_6)
     FDC:D                     0.008          t3/LOUT_7
    ----------------------------------------
    Total                      0.653ns (0.369ns logic, 0.283ns route)
                                       (56.6% logic, 43.4% route)

=========================================================================
Timing constraint: Default OFFSET IN BEFORE for Clock 'CLK_TOP'
  Total number of paths / destination ports: 34 / 34
-------------------------------------------------------------------------
Offset:              0.738ns (Levels of Logic = 1)
  Source:            RST_TOP (PAD)
  Destination:       t1/Cnt_0 (FF)
  Destination Clock: CLK_TOP rising

  Data Path: RST_TOP to t1/Cnt_0
                                Gate     Net
    Cell:in->out      fanout   Delay   Delay  Logical Name (Net Name)
    ----------------------------------------  ------------
     IBUF:I->O            42   0.001   0.388  RST_TOP_IBUF (RST_TOP_IBUF)
     FDC:CLR                   0.349          t1/Cnt_0
    ----------------------------------------
    Total                      0.738ns (0.350ns logic, 0.388ns route)
                                       (47.5% logic, 52.5% route)

=========================================================================
Timing constraint: Default OFFSET IN BEFORE for Clock 'Mux'
  Total number of paths / destination ports: 8 / 8
-------------------------------------------------------------------------
Offset:              0.738ns (Levels of Logic = 1)
  Source:            RST_TOP (PAD)
  Destination:       t3/LOUT_7 (FF)
  Destination Clock: Mux rising

  Data Path: RST_TOP to t3/LOUT_7
                                Gate     Net
    Cell:in->out      fanout   Delay   Delay  Logical Name (Net Name)
    ----------------------------------------  ------------
     IBUF:I->O            42   0.001   0.388  RST_TOP_IBUF (RST_TOP_IBUF)
     FDP:PRE                   0.349          t3/LOUT_0
    ----------------------------------------
    Total                      0.738ns (0.350ns logic, 0.388ns route)
                                       (47.5% logic, 52.5% route)

=========================================================================
Timing constraint: Default OFFSET OUT AFTER for Clock 'Mux'
  Total number of paths / destination ports: 8 / 8
-------------------------------------------------------------------------
Offset:              0.645ns (Levels of Logic = 1)
  Source:            t3/LOUT_7 (FF)
  Destination:       LOUT_TOP<7> (PAD)
  Source Clock:      Mux rising

  Data Path: t3/LOUT_7 to LOUT_TOP<7>
                                Gate     Net
    Cell:in->out      fanout   Delay   Delay  Logical Name (Net Name)
    ----------------------------------------  ------------
     FDC:C->Q              2   0.361   0.283  t3/LOUT_7 (t3/LOUT_7)
     OBUF:I->O                 0.000          LOUT_TOP_7_OBUF (LOUT_TOP<7>)
    ----------------------------------------
    Total                      0.645ns (0.361ns logic, 0.283ns route)
                                       (56.0% logic, 44.0% route)

=========================================================================

Cross Clock Domains Report:
--------------------------

Clock to Setup on destination clock CLK_TOP
---------------+---------+---------+---------+---------+
               | Src:Rise| Src:Fall| Src:Rise| Src:Fall|
Source Clock   |Dest:Rise|Dest:Rise|Dest:Fall|Dest:Fall|
---------------+---------+---------+---------+---------+
CLK_TOP        |    2.605|         |         |         |
---------------+---------+---------+---------+---------+

Clock to Setup on destination clock Mux
---------------+---------+---------+---------+---------+
               | Src:Rise| Src:Fall| Src:Rise| Src:Fall|
Source Clock   |Dest:Rise|Dest:Rise|Dest:Fall|Dest:Fall|
---------------+---------+---------+---------+---------+
Mux            |    0.653|         |         |         |
---------------+---------+---------+---------+---------+

=========================================================================


Total REAL time to Xst completion: 9.00 secs
Total CPU time to Xst completion: 8.68 secs
 
--> 

Total memory usage is 427388 kilobytes

Number of errors   :    0 (   0 filtered)
Number of warnings :    0 (   0 filtered)
Number of infos    :    1 (   0 filtered)

