Added Component: Designator=*2(DIP403)
Added Component: Designator=*3(HDR1X20)
Added Component: Designator=P1(HDR1X2)
Added Component: Designator=S1(SPST-2)
Added Pin To Net: NetName=GND Pin=*2-20
Added Pin To Net: NetName=Net*2_21 Pin=*2-21
Added Pin To Net: NetName=Net*2_22 Pin=*2-22
Added Pin To Net: NetName=Net*2_23 Pin=*2-23
Added Pin To Net: NetName=Net*2_24 Pin=*2-24
Added Pin To Net: NetName=Net*2_25 Pin=*2-25
Added Pin To Net: NetName=Net*2_26 Pin=*2-26
Added Pin To Net: NetName=Net*2_27 Pin=*2-27
Added Pin To Net: NetName=Net*2_28 Pin=*2-28
Added Pin To Net: NetName=Net*2_29 Pin=*2-29
Added Pin To Net: NetName=Net*2_30 Pin=*2-30
Added Pin To Net: NetName=Net*2_31 Pin=*2-31
Added Pin To Net: NetName=Net*2_32 Pin=*2-32
Added Pin To Net: NetName=Net*2_33 Pin=*2-33
Added Pin To Net: NetName=Net*2_34 Pin=*2-34
Added Pin To Net: NetName=Net*2_35 Pin=*2-35
Added Pin To Net: NetName=Net*2_36 Pin=*2-36
Added Pin To Net: NetName=Net*2_37 Pin=*2-37
Added Pin To Net: NetName=Net*2_38 Pin=*2-38
Added Pin To Net: NetName=Net*2_39 Pin=*2-39
Added Pin To Net: NetName=VCC Pin=*2-40
Added Pin To Net: NetName=GND Pin=P1-1
Added Pin To Net: NetName=NetP1_2 Pin=P1-2
Added Pin To Net: NetName=NetP1_2 Pin=S1-1
Added Pin To Net: NetName=VCC Pin=S1-2
Added Member To Class: ClassName=最小系统 Member=Component *2 STC
Added Member To Class: ClassName=最小系统 Member=Component *3 IO扩展2
Added Member To Class: ClassName=最小系统 Member=Component P1 Header 2
Added Member To Class: ClassName=最小系统 Member=Component S1 SW-PB
Added Room: Name=最小系统
