Added Component: Designator=*1(HDR1X8)
Added Component: Designator=*2(HDR1X20)
Added Component: Designator=*3(DIP403)
Added Component: Designator=*4(HDR1X20)
Added Component: Designator=C1(CAPR2.54-5.1x3.2)
Added Component: Designator=C2(CAPR2.54-5.1x3.2)
Added Component: Designator=C3(CAPR2.54-5.1x3.2)
Added Component: Designator=P1(HDR1X2)
Added Component: Designator=R1(AXIAL-0.4)
Added Component: Designator=S1(SPST-2)
Added Component: Designator=S2(SPST-2)
Added Component: Designator=Y1(BCY-W2/D3.1)
Added Pin To Net: NetName=GND Pin=*2-20
Added Pin To Net: NetName=GND Pin=*3-20
Added Pin To Net: NetName=GND Pin=C2-1
Added Pin To Net: NetName=GND Pin=C3-1
Added Pin To Net: NetName=GND Pin=P1-1
Added Net: Name=GND
Added Pin To Net: NetName=Net*2_1 Pin=*2-1
Added Pin To Net: NetName=Net*2_1 Pin=*3-1
Added Net: Name=Net*2_1
Added Pin To Net: NetName=Net*2_2 Pin=*2-2
Added Pin To Net: NetName=Net*2_2 Pin=*3-2
Added Net: Name=Net*2_2
Added Pin To Net: NetName=Net*2_3 Pin=*2-3
Added Pin To Net: NetName=Net*2_3 Pin=*3-3
Added Net: Name=Net*2_3
Added Pin To Net: NetName=Net*2_4 Pin=*2-4
Added Pin To Net: NetName=Net*2_4 Pin=*3-4
Added Net: Name=Net*2_4
Added Pin To Net: NetName=Net*2_5 Pin=*2-5
Added Pin To Net: NetName=Net*2_5 Pin=*3-5
Added Net: Name=Net*2_5
Added Pin To Net: NetName=Net*2_6 Pin=*2-6
Added Pin To Net: NetName=Net*2_6 Pin=*3-6
Added Net: Name=Net*2_6
Added Pin To Net: NetName=Net*2_7 Pin=*2-7
Added Pin To Net: NetName=Net*2_7 Pin=*3-7
Added Net: Name=Net*2_7
Added Pin To Net: NetName=Net*2_8 Pin=*2-8
Added Pin To Net: NetName=Net*2_8 Pin=*3-8
Added Net: Name=Net*2_8
Added Pin To Net: NetName=Net*2_10 Pin=*2-10
Added Pin To Net: NetName=Net*2_10 Pin=*3-10
Added Net: Name=Net*2_10
Added Pin To Net: NetName=Net*2_11 Pin=*2-11
Added Pin To Net: NetName=Net*2_11 Pin=*3-11
Added Net: Name=Net*2_11
Added Pin To Net: NetName=Net*2_12 Pin=*2-12
Added Pin To Net: NetName=Net*2_12 Pin=*3-12
Added Net: Name=Net*2_12
Added Pin To Net: NetName=Net*2_13 Pin=*2-13
Added Pin To Net: NetName=Net*2_13 Pin=*3-13
Added Net: Name=Net*2_13
Added Pin To Net: NetName=Net*2_14 Pin=*2-14
Added Pin To Net: NetName=Net*2_14 Pin=*3-14
Added Net: Name=Net*2_14
Added Pin To Net: NetName=Net*2_15 Pin=*2-15
Added Pin To Net: NetName=Net*2_15 Pin=*3-15
Added Net: Name=Net*2_15
Added Pin To Net: NetName=Net*2_16 Pin=*2-16
Added Pin To Net: NetName=Net*2_16 Pin=*3-16
Added Net: Name=Net*2_16
Added Pin To Net: NetName=Net*2_17 Pin=*2-17
Added Pin To Net: NetName=Net*2_17 Pin=*3-17
Added Net: Name=Net*2_17
Added Pin To Net: NetName=Net*3_21 Pin=*3-21
Added Pin To Net: NetName=Net*3_21 Pin=*4-1
Added Net: Name=Net*3_21
Added Pin To Net: NetName=Net*3_22 Pin=*3-22
Added Pin To Net: NetName=Net*3_22 Pin=*4-2
Added Net: Name=Net*3_22
Added Pin To Net: NetName=Net*3_23 Pin=*3-23
Added Pin To Net: NetName=Net*3_23 Pin=*4-3
Added Net: Name=Net*3_23
Added Pin To Net: NetName=Net*3_24 Pin=*3-24
Added Pin To Net: NetName=Net*3_24 Pin=*4-4
Added Net: Name=Net*3_24
Added Pin To Net: NetName=Net*3_25 Pin=*3-25
Added Pin To Net: NetName=Net*3_25 Pin=*4-5
Added Net: Name=Net*3_25
Added Pin To Net: NetName=Net*3_26 Pin=*3-26
Added Pin To Net: NetName=Net*3_26 Pin=*4-6
Added Net: Name=Net*3_26
Added Pin To Net: NetName=Net*3_27 Pin=*3-27
Added Pin To Net: NetName=Net*3_27 Pin=*4-7
Added Net: Name=Net*3_27
Added Pin To Net: NetName=Net*3_28 Pin=*3-28
Added Pin To Net: NetName=Net*3_28 Pin=*4-8
Added Net: Name=Net*3_28
Added Pin To Net: NetName=Net*3_29 Pin=*3-29
Added Pin To Net: NetName=Net*3_29 Pin=*4-9
Added Net: Name=Net*3_29
Added Pin To Net: NetName=Net*3_30 Pin=*3-30
Added Pin To Net: NetName=Net*3_30 Pin=*4-10
Added Net: Name=Net*3_30
Added Pin To Net: NetName=NetC1_1 Pin=C1-1
Added Pin To Net: NetName=NetC1_1 Pin=R1-2
Added Net: Name=NetC1_1
Added Pin To Net: NetName=NetP1_2 Pin=P1-2
Added Pin To Net: NetName=NetP1_2 Pin=S1-1
Added Net: Name=NetP1_2
Added Pin To Net: NetName=P0.0 Pin=*1-2
Added Pin To Net: NetName=P0.0 Pin=*3-39
Added Pin To Net: NetName=P0.0 Pin=*4-19
Added Net: Name=P0.0
Added Pin To Net: NetName=P0.1 Pin=*1-3
Added Pin To Net: NetName=P0.1 Pin=*3-38
Added Pin To Net: NetName=P0.1 Pin=*4-18
Added Net: Name=P0.1
Added Pin To Net: NetName=P0.2 Pin=*1-4
Added Pin To Net: NetName=P0.2 Pin=*3-37
Added Pin To Net: NetName=P0.2 Pin=*4-17
Added Net: Name=P0.2
Added Pin To Net: NetName=P0.3 Pin=*1-5
Added Pin To Net: NetName=P0.3 Pin=*3-36
Added Pin To Net: NetName=P0.3 Pin=*4-16
Added Net: Name=P0.3
Added Pin To Net: NetName=P0.4 Pin=*1-6
Added Pin To Net: NetName=P0.4 Pin=*3-35
Added Pin To Net: NetName=P0.4 Pin=*4-15
Added Net: Name=P0.4
Added Pin To Net: NetName=P0.5 Pin=*1-7
Added Pin To Net: NetName=P0.5 Pin=*3-34
Added Pin To Net: NetName=P0.5 Pin=*4-14
Added Net: Name=P0.5
Added Pin To Net: NetName=P0.6 Pin=*1-8
Added Pin To Net: NetName=P0.6 Pin=*3-33
Added Pin To Net: NetName=P0.6 Pin=*4-13
Added Net: Name=P0.6
Added Pin To Net: NetName=P0.7 Pin=*3-32
Added Pin To Net: NetName=P0.7 Pin=*4-12
Added Net: Name=P0.7
Added Pin To Net: NetName=RST Pin=*2-9
Added Pin To Net: NetName=RST Pin=*3-9
Added Pin To Net: NetName=RST Pin=S2-1
Added Net: Name=RST
Added Pin To Net: NetName=VCC Pin=*1-1
Added Pin To Net: NetName=VCC Pin=*3-31
Added Pin To Net: NetName=VCC Pin=*3-40
Added Pin To Net: NetName=VCC Pin=*4-11
Added Pin To Net: NetName=VCC Pin=*4-20
Added Pin To Net: NetName=VCC Pin=C1-2
Added Pin To Net: NetName=VCC Pin=S1-2
Added Pin To Net: NetName=VCC Pin=S2-2
Added Net: Name=VCC
Added Pin To Net: NetName=XTAL1 Pin=*2-19
Added Pin To Net: NetName=XTAL1 Pin=*3-19
Added Pin To Net: NetName=XTAL1 Pin=C2-2
Added Pin To Net: NetName=XTAL1 Pin=Y1-2
Added Net: Name=XTAL1
Added Pin To Net: NetName=XTAL2 Pin=*2-18
Added Pin To Net: NetName=XTAL2 Pin=*3-18
Added Pin To Net: NetName=XTAL2 Pin=C3-2
Added Pin To Net: NetName=XTAL2 Pin=Y1-1
Added Net: Name=XTAL2
Added Class: Name=最小系统
Added Room: Name=最小系统
