Removed Pin From Net: NetName=Net*1_1 Pin=*1-1
Removed Pin From Net: NetName=Net*1_2 Pin=*1-2
Removed Pin From Net: NetName=Net*1_3 Pin=*1-3
Removed Pin From Net: NetName=Net*1_4 Pin=*1-4
Removed Pin From Net: NetName=Net*1_5 Pin=*1-5
Removed Pin From Net: NetName=Net*1_6 Pin=*1-6
Removed Pin From Net: NetName=Net*1_7 Pin=*1-7
Removed Pin From Net: NetName=Net*1_8 Pin=*1-8
Removed Pin From Net: NetName=Net*1_9 Pin=*1-9
Removed Pin From Net: NetName=Net*1_10 Pin=*1-10
Removed Pin From Net: NetName=Net*1_11 Pin=*1-11
Removed Pin From Net: NetName=Net*1_12 Pin=*1-12
Removed Pin From Net: NetName=Net*1_13 Pin=*1-13
Removed Pin From Net: NetName=Net*1_14 Pin=*1-14
Removed Pin From Net: NetName=Net*1_15 Pin=*1-15
Removed Pin From Net: NetName=Net*1_16 Pin=*1-16
Removed Pin From Net: NetName=Net*1_17 Pin=*1-17
Removed Pin From Net: NetName=Net*1_18 Pin=*1-18
Removed Pin From Net: NetName=Net*1_19 Pin=*1-19
Removed Pin From Net: NetName=GND Pin=*1-20
Removed Pin From Net: NetName=VCC Pin=*1-31
Removed Pin From Net: NetName=VCC Pin=*1-40
Removed Member From Class: ClassName=最小系统 Member=*3
Change Component Designator: OldDesignator=*2 NewDesignator=*1
Added Component: Designator=*2(DIP403)
Added Pin To Net: NetName=Net*1_1 Pin=*1-1
Added Pin To Net: NetName=Net*1_2 Pin=*1-2
Added Pin To Net: NetName=Net*1_3 Pin=*1-3
Added Pin To Net: NetName=Net*1_4 Pin=*1-4
Added Pin To Net: NetName=Net*1_5 Pin=*1-5
Added Pin To Net: NetName=Net*1_6 Pin=*1-6
Added Pin To Net: NetName=Net*1_7 Pin=*1-7
Added Pin To Net: NetName=Net*1_8 Pin=*1-8
Added Pin To Net: NetName=Net*1_9 Pin=*1-9
Added Pin To Net: NetName=Net*1_10 Pin=*1-10
Added Pin To Net: NetName=Net*1_11 Pin=*1-11
Added Pin To Net: NetName=Net*1_12 Pin=*1-12
Added Pin To Net: NetName=Net*1_13 Pin=*1-13
Added Pin To Net: NetName=Net*1_14 Pin=*1-14
Added Pin To Net: NetName=Net*1_15 Pin=*1-15
Added Pin To Net: NetName=Net*1_16 Pin=*1-16
Added Pin To Net: NetName=Net*1_17 Pin=*1-17
Added Pin To Net: NetName=Net*1_18 Pin=*1-18
Added Pin To Net: NetName=Net*1_19 Pin=*1-19
Added Pin To Net: NetName=GND Pin=*1-20
Added Pin To Net: NetName=Net*1_1 Pin=*2-1
Added Pin To Net: NetName=Net*1_2 Pin=*2-2
Added Pin To Net: NetName=Net*1_3 Pin=*2-3
Added Pin To Net: NetName=Net*1_4 Pin=*2-4
Added Pin To Net: NetName=Net*1_5 Pin=*2-5
Added Pin To Net: NetName=Net*1_6 Pin=*2-6
Added Pin To Net: NetName=Net*1_7 Pin=*2-7
Added Pin To Net: NetName=Net*1_8 Pin=*2-8
Added Pin To Net: NetName=Net*1_9 Pin=*2-9
Added Pin To Net: NetName=Net*1_10 Pin=*2-10
Added Pin To Net: NetName=Net*1_11 Pin=*2-11
Added Pin To Net: NetName=Net*1_12 Pin=*2-12
Added Pin To Net: NetName=Net*1_13 Pin=*2-13
Added Pin To Net: NetName=Net*1_14 Pin=*2-14
Added Pin To Net: NetName=Net*1_15 Pin=*2-15
Added Pin To Net: NetName=Net*1_16 Pin=*2-16
Added Pin To Net: NetName=Net*1_17 Pin=*2-17
Added Pin To Net: NetName=Net*1_18 Pin=*2-18
Added Pin To Net: NetName=Net*1_19 Pin=*2-19
Added Pin To Net: NetName=GND Pin=*2-20
Added Pin To Net: NetName=VCC Pin=*2-31
Added Pin To Net: NetName=VCC Pin=*2-40
Added Room: Name=最小系统
