Removed Pin From Net: NetName=GND Pin=*-20
Removed Pin From Net: NetName=VCC Pin=*-40
Removed Member From Class: ClassName=最小系统 Member=*
Removed Member From Class: ClassName=最小系统 Member=*
Removed Member From Class: ClassName=最小系统 Member=*
Added Component: Designator=*1(HDR1X20)
Added Component: Designator=*2(DIP40 - duplicate)
Added Component: Designator=*3(HDR1X9)
Added Component: Designator=*4(HDR1X20)
Added Component: Designator=C1(RAD-0.3)
Added Component: Designator=C2(RAD-0.3)
Added Component: Designator=Y1(BCY-W2/D3.1)
Added Pin To Net: NetName=GND Pin=*2-20
Added Pin To Net: NetName=VCC Pin=*2-40
Added Pin To Net: NetName=GND Pin=C1-1
Added Pin To Net: NetName=GND Pin=C2-1
Added Pin To Net: NetName=Net*2_18 Pin=*2-18
Added Pin To Net: NetName=Net*2_18 Pin=C1-2
Added Pin To Net: NetName=Net*2_18 Pin=Y1-1
Added Net: Name=Net*2_18
Added Pin To Net: NetName=Net*2_19 Pin=*2-19
Added Pin To Net: NetName=Net*2_19 Pin=C2-2
Added Pin To Net: NetName=Net*2_19 Pin=Y1-2
Added Net: Name=Net*2_19
Added Member To Class: ClassName=最小系统 Member=Component *1 IO扩展1
Added Member To Class: ClassName=最小系统 Member=Component *2 STC
Added Member To Class: ClassName=最小系统 Member=Component *3 P0-VCC排阻
Added Member To Class: ClassName=最小系统 Member=Component *4 IO扩展2
Added Member To Class: ClassName=最小系统 Member=Component C1 30pf
Added Member To Class: ClassName=最小系统 Member=Component C2 30pf
Added Member To Class: ClassName=最小系统 Member=Component Y1 11.0592/12
Added Room: Name=最小系统
