Removed Pin From Net: NetName=P20 Pin=*4-1
Removed Pin From Net: NetName=P21 Pin=*4-2
Removed Pin From Net: NetName=P22 Pin=*4-3
Removed Pin From Net: NetName=P23 Pin=*4-4
Removed Pin From Net: NetName=P24 Pin=*4-5
Removed Pin From Net: NetName=P25 Pin=*4-6
Removed Pin From Net: NetName=P26 Pin=*4-7
Removed Pin From Net: NetName=P27 Pin=*4-8
Removed Pin From Net: NetName=PSNE Pin=*4-9
Removed Pin From Net: NetName=PROG Pin=*4-10
Removed Pin From Net: NetName=EA Pin=*4-11
Removed Pin From Net: NetName=P07 Pin=*4-12
Removed Pin From Net: NetName=P06 Pin=*4-13
Removed Pin From Net: NetName=P05 Pin=*4-14
Removed Pin From Net: NetName=P04 Pin=*4-15
Removed Pin From Net: NetName=P03 Pin=*4-16
Removed Pin From Net: NetName=P02 Pin=*4-17
Removed Pin From Net: NetName=P01 Pin=*4-18
Removed Pin From Net: NetName=P00 Pin=*4-19
Removed Pin From Net: NetName=VCC Pin=*4-20
Removed Member From Class: ClassName=最小系统 Member=*3
Added Component: Designator=*(HDR1X8)
Added Member To Class: ClassName=最小系统 Member=Component * P0-VCC排阻
