Added Pin To Net: NetName=GND Pin=P1-1
Added Net: Name=GND
Added Pin To Net: NetName=Net*1_1 Pin=*1-1
Added Pin To Net: NetName=Net*1_1 Pin=*2-1
Added Net: Name=Net*1_1
Added Pin To Net: NetName=Net*1_2 Pin=*1-2
Added Pin To Net: NetName=Net*1_2 Pin=*2-2
Added Net: Name=Net*1_2
Added Pin To Net: NetName=Net*1_3 Pin=*1-3
Added Pin To Net: NetName=Net*1_3 Pin=*2-3
Added Net: Name=Net*1_3
Added Pin To Net: NetName=Net*1_4 Pin=*1-4
Added Pin To Net: NetName=Net*1_4 Pin=*2-4
Added Net: Name=Net*1_4
Added Pin To Net: NetName=Net*1_5 Pin=*1-5
Added Pin To Net: NetName=Net*1_5 Pin=*2-5
Added Net: Name=Net*1_5
Added Pin To Net: NetName=Net*1_6 Pin=*1-6
Added Pin To Net: NetName=Net*1_6 Pin=*2-6
Added Net: Name=Net*1_6
Added Pin To Net: NetName=Net*1_7 Pin=*1-7
Added Pin To Net: NetName=Net*1_7 Pin=*2-7
Added Net: Name=Net*1_7
Added Pin To Net: NetName=Net*1_8 Pin=*1-8
Added Pin To Net: NetName=Net*1_8 Pin=*2-8
Added Net: Name=Net*1_8
Added Pin To Net: NetName=Net*1_9 Pin=*1-9
Added Pin To Net: NetName=Net*1_9 Pin=*2-9
Added Net: Name=Net*1_9
Added Pin To Net: NetName=Net*1_10 Pin=*1-10
Added Pin To Net: NetName=Net*1_10 Pin=*2-10
Added Net: Name=Net*1_10
Added Pin To Net: NetName=Net*1_11 Pin=*1-11
Added Pin To Net: NetName=Net*1_11 Pin=*2-11
Added Net: Name=Net*1_11
Added Pin To Net: NetName=Net*1_12 Pin=*1-12
Added Pin To Net: NetName=Net*1_12 Pin=*2-12
Added Net: Name=Net*1_12
Added Pin To Net: NetName=Net*1_13 Pin=*1-13
Added Pin To Net: NetName=Net*1_13 Pin=*2-13
Added Net: Name=Net*1_13
Added Pin To Net: NetName=Net*1_14 Pin=*1-14
Added Pin To Net: NetName=Net*1_14 Pin=*2-14
Added Net: Name=Net*1_14
Added Pin To Net: NetName=Net*1_15 Pin=*1-15
Added Pin To Net: NetName=Net*1_15 Pin=*2-15
Added Net: Name=Net*1_15
Added Pin To Net: NetName=Net*1_16 Pin=*1-16
Added Pin To Net: NetName=Net*1_16 Pin=*2-16
Added Net: Name=Net*1_16
Added Pin To Net: NetName=Net*1_17 Pin=*1-17
Added Pin To Net: NetName=Net*1_17 Pin=*2-17
Added Net: Name=Net*1_17
Added Pin To Net: NetName=Net*1_18 Pin=*1-18
Added Pin To Net: NetName=Net*1_18 Pin=*2-18
Added Net: Name=Net*1_18
Added Pin To Net: NetName=Net*1_19 Pin=*1-19
Added Pin To Net: NetName=Net*1_19 Pin=*2-19
Added Net: Name=Net*1_19
Added Pin To Net: NetName=Net*1_20 Pin=*1-20
Added Pin To Net: NetName=Net*1_20 Pin=*2-20
Added Net: Name=Net*1_20
Added Pin To Net: NetName=Net*2_21 Pin=*2-21
Added Pin To Net: NetName=Net*2_21 Pin=*3-1
Added Net: Name=Net*2_21
Added Pin To Net: NetName=Net*2_22 Pin=*2-22
Added Pin To Net: NetName=Net*2_22 Pin=*3-2
Added Net: Name=Net*2_22
Added Pin To Net: NetName=Net*2_23 Pin=*2-23
Added Pin To Net: NetName=Net*2_23 Pin=*3-3
Added Net: Name=Net*2_23
Added Pin To Net: NetName=Net*2_24 Pin=*2-24
Added Pin To Net: NetName=Net*2_24 Pin=*3-4
Added Net: Name=Net*2_24
Added Pin To Net: NetName=Net*2_25 Pin=*2-25
Added Pin To Net: NetName=Net*2_25 Pin=*3-5
Added Net: Name=Net*2_25
Added Pin To Net: NetName=Net*2_26 Pin=*2-26
Added Pin To Net: NetName=Net*2_26 Pin=*3-6
Added Net: Name=Net*2_26
Added Pin To Net: NetName=Net*2_27 Pin=*2-27
Added Pin To Net: NetName=Net*2_27 Pin=*3-7
Added Net: Name=Net*2_27
Added Pin To Net: NetName=Net*2_28 Pin=*2-28
Added Pin To Net: NetName=Net*2_28 Pin=*3-8
Added Net: Name=Net*2_28
Added Pin To Net: NetName=Net*2_29 Pin=*2-29
Added Pin To Net: NetName=Net*2_29 Pin=*3-9
Added Net: Name=Net*2_29
Added Pin To Net: NetName=Net*2_30 Pin=*2-30
Added Pin To Net: NetName=Net*2_30 Pin=*3-10
Added Net: Name=Net*2_30
Added Pin To Net: NetName=Net*2_31 Pin=*2-31
Added Pin To Net: NetName=Net*2_31 Pin=*3-11
Added Net: Name=Net*2_31
Added Pin To Net: NetName=Net*2_32 Pin=*2-32
Added Pin To Net: NetName=Net*2_32 Pin=*3-12
Added Net: Name=Net*2_32
Added Pin To Net: NetName=Net*2_33 Pin=*2-33
Added Pin To Net: NetName=Net*2_33 Pin=*3-13
Added Net: Name=Net*2_33
Added Pin To Net: NetName=Net*2_34 Pin=*2-34
Added Pin To Net: NetName=Net*2_34 Pin=*3-14
Added Net: Name=Net*2_34
Added Pin To Net: NetName=Net*2_35 Pin=*2-35
Added Pin To Net: NetName=Net*2_35 Pin=*3-15
Added Net: Name=Net*2_35
Added Pin To Net: NetName=Net*2_36 Pin=*2-36
Added Pin To Net: NetName=Net*2_36 Pin=*3-16
Added Net: Name=Net*2_36
Added Pin To Net: NetName=Net*2_37 Pin=*2-37
Added Pin To Net: NetName=Net*2_37 Pin=*3-17
Added Net: Name=Net*2_37
Added Pin To Net: NetName=Net*2_38 Pin=*2-38
Added Pin To Net: NetName=Net*2_38 Pin=*3-18
Added Net: Name=Net*2_38
Added Pin To Net: NetName=Net*2_39 Pin=*2-39
Added Pin To Net: NetName=Net*2_39 Pin=*3-19
Added Net: Name=Net*2_39
Added Pin To Net: NetName=Net*2_40 Pin=*2-40
Added Pin To Net: NetName=Net*2_40 Pin=*3-20
Added Net: Name=Net*2_40
Added Pin To Net: NetName=NetP1_2 Pin=P1-2
Added Pin To Net: NetName=NetP1_2 Pin=S1-1
Added Net: Name=NetP1_2
Added Pin To Net: NetName=VCC Pin=S1-2
Added Net: Name=VCC
Added Room: Name=最小系统
