Removed Member From Class: ClassName=最小系统 Member=*4
Change Component Designator: OldDesignator=*1 NewDesignator=*2
Change Component Designator: OldDesignator=*2 NewDesignator=*1
Added Component: Designator=*3(HDR1X20)
Added Component: Designator=R1(AXIAL-0.3)
Added Component: Designator=R2(AXIAL-0.3)
Added Component: Designator=R3(AXIAL-0.3)
Added Component: Designator=R4(AXIAL-0.3)
Added Component: Designator=R5(AXIAL-0.3)
Added Component: Designator=R6(AXIAL-0.3)
Added Component: Designator=R7(AXIAL-0.3)
Added Component: Designator=R8(AXIAL-0.3)
Added Pin To Net: NetName=P00 Pin=R1-1
Added Pin To Net: NetName=EA Pin=R1-2
Added Pin To Net: NetName=P01 Pin=R2-1
Added Pin To Net: NetName=EA Pin=R2-2
Added Pin To Net: NetName=P02 Pin=R3-1
Added Pin To Net: NetName=EA Pin=R3-2
Added Pin To Net: NetName=P03 Pin=R4-1
Added Pin To Net: NetName=EA Pin=R4-2
Added Pin To Net: NetName=P04 Pin=R5-1
Added Pin To Net: NetName=EA Pin=R5-2
Added Pin To Net: NetName=P06 Pin=R6-1
Added Pin To Net: NetName=EA Pin=R6-2
Added Pin To Net: NetName=P07 Pin=R7-1
Added Pin To Net: NetName=EA Pin=R7-2
Added Pin To Net: NetName=P05 Pin=R8-1
Added Pin To Net: NetName=EA Pin=R8-2
Added Member To Class: ClassName=最小系统 Member=Component *3 IO扩展2
Added Member To Class: ClassName=最小系统 Member=Component R1 Res1
Added Member To Class: ClassName=最小系统 Member=Component R2 Res1
Added Member To Class: ClassName=最小系统 Member=Component R3 Res1
Added Member To Class: ClassName=最小系统 Member=Component R4 Res1
Added Member To Class: ClassName=最小系统 Member=Component R5 Res1
Added Member To Class: ClassName=最小系统 Member=Component R6 Res1
Added Member To Class: ClassName=最小系统 Member=Component R7 Res1
Added Member To Class: ClassName=最小系统 Member=Component R8 Res1
