Removed Pin From Net: NetName=Net*1_20. Pin=*2-1
Removed Pin From Net: NetName=Net*1_19 Pin=*2-2
Removed Pin From Net: NetName=Net*1_18 Pin=*2-3
Removed Pin From Net: NetName=Net*1_17 Pin=*2-4
Removed Pin From Net: NetName=Net*1_16 Pin=*2-5
Removed Pin From Net: NetName=Net*1_15 Pin=*2-6
Removed Pin From Net: NetName=Net*1_14 Pin=*2-7
Removed Pin From Net: NetName=Net*1_13 Pin=*2-8
Removed Pin From Net: NetName=Net*1_12 Pin=*2-9
Removed Pin From Net: NetName=Net*1_11 Pin=*2-10
Removed Pin From Net: NetName=Net*1_10 Pin=*2-11
Removed Pin From Net: NetName=Net*1_9 Pin=*2-12
Removed Pin From Net: NetName=Net*1_8 Pin=*2-13
Removed Pin From Net: NetName=Net*1_7 Pin=*2-14
Removed Pin From Net: NetName=Net*1_6 Pin=*2-15
Removed Pin From Net: NetName=Net*1_5 Pin=*2-16
Removed Pin From Net: NetName=Net*1_4 Pin=*2-17
Removed Pin From Net: NetName=Net*1_3 Pin=*2-18
Removed Pin From Net: NetName=Net*1_2 Pin=*2-19
Removed Pin From Net: NetName=Net*1_1 Pin=*2-20
Added Pin To Net: NetName=Net*1_1 Pin=*2-1
Added Pin To Net: NetName=Net*1_2 Pin=*2-2
Added Pin To Net: NetName=Net*1_3 Pin=*2-3
Added Pin To Net: NetName=Net*1_4 Pin=*2-4
Added Pin To Net: NetName=Net*1_5 Pin=*2-5
Added Pin To Net: NetName=Net*1_6 Pin=*2-6
Added Pin To Net: NetName=Net*1_7 Pin=*2-7
Added Pin To Net: NetName=Net*1_8 Pin=*2-8
Added Pin To Net: NetName=Net*1_9 Pin=*2-9
Added Pin To Net: NetName=Net*1_10 Pin=*2-10
Added Pin To Net: NetName=Net*1_11 Pin=*2-11
Added Pin To Net: NetName=Net*1_12 Pin=*2-12
Added Pin To Net: NetName=Net*1_13 Pin=*2-13
Added Pin To Net: NetName=Net*1_14 Pin=*2-14
Added Pin To Net: NetName=Net*1_15 Pin=*2-15
Added Pin To Net: NetName=Net*1_16 Pin=*2-16
Added Pin To Net: NetName=Net*1_17 Pin=*2-17
Added Pin To Net: NetName=Net*1_18 Pin=*2-18
Added Pin To Net: NetName=Net*1_19 Pin=*2-19
Added Pin To Net: NetName=Net*1_20. Pin=*2-20
Added Room: Name=最小系统
