Added Component: Designator=*1(HDR1X20)
Added Component: Designator=*2(DIP403)
Added Component: Designator=*3(HDR1X20)
Added Component: Designator=P1(HDR1X2)
Added Component: Designator=S1(SPST-2)
Added Pin To Net: NetName=GND Pin=P1-1
Added Net: Name=GND
Added Pin To Net: NetName=Net*1_1 Pin=*1-1
Added Pin To Net: NetName=Net*1_1 Pin=*2-1
Added Net: Name=Net*1_1
Added Pin To Net: NetName=Net*1_2 Pin=*1-2
Added Pin To Net: NetName=Net*1_2 Pin=*2-2
Added Net: Name=Net*1_2
Added Pin To Net: NetName=Net*1_3 Pin=*1-3
Added Pin To Net: NetName=Net*1_3 Pin=*2-3
Added Net: Name=Net*1_3
Added Pin To Net: NetName=Net*1_4 Pin=*1-4
Added Pin To Net: NetName=Net*1_4 Pin=*2-4
Added Net: Name=Net*1_4
Added Pin To Net: NetName=Net*1_5 Pin=*1-5
Added Pin To Net: NetName=Net*1_5 Pin=*2-5
Added Net: Name=Net*1_5
Added Pin To Net: NetName=Net*1_6 Pin=*1-6
Added Pin To Net: NetName=Net*1_6 Pin=*2-6
Added Net: Name=Net*1_6
Added Pin To Net: NetName=Net*1_7 Pin=*1-7
Added Pin To Net: NetName=Net*1_7 Pin=*2-7
Added Net: Name=Net*1_7
Added Pin To Net: NetName=Net*1_8 Pin=*1-8
Added Pin To Net: NetName=Net*1_8 Pin=*2-8
Added Net: Name=Net*1_8
Added Pin To Net: NetName=Net*1_9 Pin=*1-9
Added Pin To Net: NetName=Net*1_9 Pin=*2-9
Added Net: Name=Net*1_9
Added Pin To Net: NetName=Net*1_10 Pin=*1-10
Added Pin To Net: NetName=Net*1_10 Pin=*2-10
Added Net: Name=Net*1_10
Added Pin To Net: NetName=Net*1_11 Pin=*1-11
Added Pin To Net: NetName=Net*1_11 Pin=*2-11
Added Net: Name=Net*1_11
Added Pin To Net: NetName=Net*1_12 Pin=*1-12
Added Pin To Net: NetName=Net*1_12 Pin=*2-12
Added Net: Name=Net*1_12
Added Pin To Net: NetName=Net*1_13 Pin=*1-13
Added Pin To Net: NetName=Net*1_13 Pin=*2-13
Added Net: Name=Net*1_13
Added Pin To Net: NetName=Net*1_14 Pin=*1-14
Added Pin To Net: NetName=Net*1_14 Pin=*2-14
Added Net: Name=Net*1_14
Added Pin To Net: NetName=Net*1_15 Pin=*1-15
Added Pin To Net: NetName=Net*1_15 Pin=*2-15
Added Net: Name=Net*1_15
Added Pin To Net: NetName=Net*1_16 Pin=*1-16
Added Pin To Net: NetName=Net*1_16 Pin=*2-16
Added Net: Name=Net*1_16
Added Pin To Net: NetName=Net*1_17 Pin=*1-17
Added Pin To Net: NetName=Net*1_17 Pin=*2-17
Added Net: Name=Net*1_17
Added Pin To Net: NetName=Net*1_18 Pin=*1-18
Added Pin To Net: NetName=Net*1_18 Pin=*2-18
Added Net: Name=Net*1_18
Added Pin To Net: NetName=Net*1_19 Pin=*1-19
Added Pin To Net: NetName=Net*1_19 Pin=*2-19
Added Net: Name=Net*1_19
Added Pin To Net: NetName=Net*1_20 Pin=*1-20
Added Pin To Net: NetName=Net*1_20 Pin=*2-20
Added Net: Name=Net*1_20
Added Net: Name=Net*2_ALE
Added Net: Name=Net*2_EA
Added Net: Name=Net*2_P0.0
Added Net: Name=Net*2_P0.1
Added Net: Name=Net*2_P0.2
Added Net: Name=Net*2_P0.3
Added Net: Name=Net*2_P0.4
Added Net: Name=Net*2_P0.5
Added Net: Name=Net*2_P0.6
Added Net: Name=Net*2_P0.7
Added Net: Name=Net*2_P2.0
Added Net: Name=Net*2_P2.1
Added Net: Name=Net*2_P2.2
Added Net: Name=Net*2_P2.3
Added Net: Name=Net*2_P2.4
Added Net: Name=Net*2_P2.5
Added Net: Name=Net*2_P2.6
Added Net: Name=Net*2_P2.7
Added Net: Name=Net*2_PSNE
Added Net: Name=Net*2_VCC
Added Pin To Net: NetName=NetP1_2 Pin=P1-2
Added Pin To Net: NetName=NetP1_2 Pin=S1-1
Added Net: Name=NetP1_2
Added Pin To Net: NetName=VCC Pin=S1-2
Added Net: Name=VCC
Added Class: Name=最小系统
Added Room: Name=最小系统
