Removed Member From Class: ClassName=最小系统 Member=*
Added Component: Designator=*1(HDR1X20)
Added Component: Designator=*2(DIP403)
Added Component: Designator=*4(HDR1X20)
Added Pin To Net: NetName=P11 Pin=*2-2
Added Pin To Net: NetName=P12 Pin=*2-3
Added Pin To Net: NetName=P13 Pin=*2-4
Added Pin To Net: NetName=P14 Pin=*2-5
Added Pin To Net: NetName=P15 Pin=*2-6
Added Pin To Net: NetName=P16 Pin=*2-7
Added Pin To Net: NetName=P17 Pin=*2-8
Added Pin To Net: NetName=RST Pin=*2-9
Added Pin To Net: NetName=P30 Pin=*2-10
Added Pin To Net: NetName=P31 Pin=*2-11
Added Pin To Net: NetName=P32 Pin=*2-12
Added Pin To Net: NetName=P33 Pin=*2-13
Added Pin To Net: NetName=P34 Pin=*2-14
Added Pin To Net: NetName=P35 Pin=*2-15
Added Pin To Net: NetName=P36 Pin=*2-16
Added Pin To Net: NetName=P37 Pin=*2-17
Added Pin To Net: NetName=X2 Pin=*2-18
Added Pin To Net: NetName=X1 Pin=*2-19
Added Pin To Net: NetName=GND Pin=*2-20
Added Pin To Net: NetName=P20 Pin=*2-21
Added Pin To Net: NetName=P21 Pin=*2-22
Added Pin To Net: NetName=P22 Pin=*2-23
Added Pin To Net: NetName=P23 Pin=*2-24
Added Pin To Net: NetName=P24 Pin=*2-25
Added Pin To Net: NetName=P25 Pin=*2-26
Added Pin To Net: NetName=P26 Pin=*2-27
Added Pin To Net: NetName=P27 Pin=*2-28
Added Pin To Net: NetName=PSNE Pin=*2-29
Added Pin To Net: NetName=PROG Pin=*2-30
Added Pin To Net: NetName=EA Pin=*2-31
Added Pin To Net: NetName=P07 Pin=*2-32
Added Pin To Net: NetName=P06 Pin=*2-33
Added Pin To Net: NetName=P05 Pin=*2-34
Added Pin To Net: NetName=P04 Pin=*2-35
Added Pin To Net: NetName=P03 Pin=*2-36
Added Pin To Net: NetName=P02 Pin=*2-37
Added Pin To Net: NetName=P01 Pin=*2-38
Added Pin To Net: NetName=P00 Pin=*2-39
Added Pin To Net: NetName=VCC Pin=*2-40
Added Pin To Net: NetName=P10 Pin=*2-1
Added Net: Name=P10
Added Member To Class: ClassName=最小系统 Member=Component *1 IO扩展1
Added Member To Class: ClassName=最小系统 Member=Component *2 STC
Added Member To Class: ClassName=最小系统 Member=Component *4 IO扩展2
