Change Net Name : Old Net Name=Net*2_18 New Net Name=X2
Change Net Name : Old Net Name=Net*2_19 New Net Name=X1
Added Pin To Net: NetName=P10 Pin=*2-1
Added Net: Name=P10
Added Pin To Net: NetName=P11 Pin=*2-2
Added Net: Name=P11
Added Pin To Net: NetName=P12 Pin=*2-3
Added Net: Name=P12
Added Pin To Net: NetName=P13 Pin=*2-4
Added Net: Name=P13
Added Pin To Net: NetName=P14 Pin=*2-5
Added Net: Name=P14
Added Pin To Net: NetName=P15 Pin=*2-6
Added Net: Name=P15
Added Pin To Net: NetName=P16 Pin=*2-7
Added Net: Name=P16
Added Pin To Net: NetName=P17 Pin=*2-8
Added Net: Name=P17
Added Pin To Net: NetName=P30 Pin=*2-10
Added Net: Name=P30
Added Pin To Net: NetName=P31 Pin=*2-11
Added Net: Name=P31
Added Pin To Net: NetName=P32 Pin=*2-12
Added Net: Name=P32
Added Pin To Net: NetName=P33 Pin=*2-13
Added Net: Name=P33
Added Pin To Net: NetName=P34 Pin=*2-14
Added Net: Name=P34
Added Pin To Net: NetName=P35 Pin=*2-15
Added Net: Name=P35
Added Pin To Net: NetName=P36 Pin=*2-16
Added Net: Name=P36
Added Pin To Net: NetName=P37 Pin=*2-17
Added Net: Name=P37
Added Pin To Net: NetName=RST Pin=*2-9
Added Net: Name=RST
Added Room: Name=最小系统
