Removed Pin From Net: NetName=P00 Pin=R1-1
Removed Pin From Net: NetName=EA Pin=R1-2
Removed Pin From Net: NetName=P01 Pin=R2-1
Removed Pin From Net: NetName=EA Pin=R2-2
Removed Pin From Net: NetName=P02 Pin=R3-1
Removed Pin From Net: NetName=EA Pin=R3-2
Removed Pin From Net: NetName=P03 Pin=R4-1
Removed Pin From Net: NetName=EA Pin=R4-2
Removed Pin From Net: NetName=P04 Pin=R5-1
Removed Pin From Net: NetName=EA Pin=R5-2
Removed Pin From Net: NetName=P06 Pin=R6-1
Removed Pin From Net: NetName=EA Pin=R6-2
Removed Pin From Net: NetName=P07 Pin=R7-1
Removed Pin From Net: NetName=EA Pin=R7-2
Removed Pin From Net: NetName=P05 Pin=R8-1
Removed Pin From Net: NetName=EA Pin=R8-2
Removed Member From Class: ClassName=最小系统 Member=R1
Removed Member From Class: ClassName=最小系统 Member=R2
Removed Member From Class: ClassName=最小系统 Member=R3
Removed Member From Class: ClassName=最小系统 Member=R4
Removed Member From Class: ClassName=最小系统 Member=R5
Removed Member From Class: ClassName=最小系统 Member=R6
Removed Member From Class: ClassName=最小系统 Member=R7
Removed Member From Class: ClassName=最小系统 Member=R8
Added Component: Designator=*(HDR1X9)
Added Member To Class: ClassName=最小系统 Member=Component * P0-VCC排阻
Added Room: Name=最小系统
