INFO:sim:172 - Generating IP...
Resolving generics for 'IP_Rom_Data'...
Applying external generics to 'IP_Rom_Data'...
Delivering associated files for 'IP_Rom_Data'...
Delivering EJava files for 'IP_Rom_Data'...
Generating implementation netlist for 'IP_Rom_Data'...
INFO:sim - Pre-processing HDL files for 'IP_Rom_Data'...
Running synthesis for 'IP_Rom_Data'
Running ngcbuild...
Writing VEO instantiation template for 'IP_Rom_Data'...
Writing Verilog behavioral simulation model for 'IP_Rom_Data'...
WARNING:sim - Overwriting existing file
   F:/git/hjl/ipcore_dir/tmp/_cg/IP_Rom_Data/doc/blk_mem_gen_v7_3_vinfo.html
   with file from view xilinx_documentation
Delivered 1 file into directory F:/git/hjl/ipcore_dir/tmp/_cg/IP_Rom_Data
Generating ASY schematic symbol...
INFO:sim:949 - Finished generation of ASY schematic symbol.
Generating SYM schematic symbol for 'IP_Rom_Data'...
Generating metadata file...
Generating ISE project file for 'IP_Rom_Data'...
Generating ISE project...
XCO file found: IP_Rom_Data.xco
XMDF file found: IP_Rom_Data_xmdf.tcl
Adding F:/git/hjl/ipcore_dir/tmp/_cg/IP_Rom_Data.asy -view all -origin_type
imported
Adding F:/git/hjl/ipcore_dir/tmp/_cg/IP_Rom_Data.ngc -view all -origin_type
created
Checking file "F:/git/hjl/ipcore_dir/tmp/_cg/IP_Rom_Data.ngc" for project device
match ...
File "F:/git/hjl/ipcore_dir/tmp/_cg/IP_Rom_Data.ngc" device information matches
project device.
Adding F:/git/hjl/ipcore_dir/tmp/_cg/IP_Rom_Data.sym -view all -origin_type
imported
Adding F:/git/hjl/ipcore_dir/tmp/_cg/IP_Rom_Data.v -view all -origin_type
created
INFO:HDLCompiler:1845 - Analyzing Verilog file
   "F:/git/hjl/ipcore_dir/tmp/_cg/IP_Rom_Data.v" into library work
INFO:ProjectMgmt - Parsing design hierarchy completed successfully.
Adding F:/git/hjl/ipcore_dir/tmp/_cg/IP_Rom_Data.veo -view all -origin_type
imported
INFO:TclTasksC:2116 - The automatic calculation of top has been turned-off.
   Please set the new top explicitly by running the "project set top" command.
   To re-calculate the new top automatically, set the "Auto Implementation Top"
   property to true.
Top level has been set to "/IP_Rom_Data"
Generating README file...
Generating FLIST file...
INFO:sim:948 - Finished FLIST file generation.
Launching README viewer...
Moving files to output directory...
Finished moving files to output directory
Wrote CGP file for project 'IP_Rom_Data'.
