E:\1编程\C++\VS2012\ATM\ATM\RELEASE\WITHDRAW_MONEY.OBJ
E:\1编程\C++\VS2012\ATM\ATM\RELEASE\WATER.OBJ
E:\1编程\C++\VS2012\ATM\ATM\RELEASE\VIREMENT.OBJ
E:\1编程\C++\VS2012\ATM\ATM\RELEASE\TIGHTEN.OBJ
E:\1编程\C++\VS2012\ATM\ATM\RELEASE\REGISTER.OBJ
E:\1编程\C++\VS2012\ATM\ATM\RELEASE\QUERY.OBJ
E:\1编程\C++\VS2012\ATM\ATM\RELEASE\MAIN.OBJ
E:\1编程\C++\VS2012\ATM\ATM\RELEASE\LOGIN.OBJ
E:\1编程\C++\VS2012\ATM\ATM\RELEASE\LBF_DIFINITION.OBJ
E:\1编程\C++\VS2012\ATM\ATM\RELEASE\FUNCTION.OBJ
E:\1编程\C++\VS2012\ATM\ATM\RELEASE\FRIST.OBJ
E:\1编程\C++\VS2012\ATM\ATM\RELEASE\EMPTY_ATM.OBJ
E:\1编程\C++\VS2012\ATM\ATM\RELEASE\DEPOSIT.OBJ
E:\1编程\C++\vs2012\ATM\ATM\Release\Deposit.obj
E:\1编程\C++\vs2012\ATM\ATM\Release\Empty_ATM.obj
E:\1编程\C++\vs2012\ATM\ATM\Release\Frist.obj
E:\1编程\C++\vs2012\ATM\ATM\Release\Function.obj
E:\1编程\C++\vs2012\ATM\ATM\Release\lbf_Difinition.obj
E:\1编程\C++\vs2012\ATM\ATM\Release\Login.obj
E:\1编程\C++\vs2012\ATM\ATM\Release\main.obj
E:\1编程\C++\vs2012\ATM\ATM\Release\Query.obj
E:\1编程\C++\vs2012\ATM\ATM\Release\Register.obj
E:\1编程\C++\vs2012\ATM\ATM\Release\Tighten.obj
E:\1编程\C++\vs2012\ATM\ATM\Release\Virement.obj
E:\1编程\C++\vs2012\ATM\ATM\Release\Water.obj
E:\1编程\C++\vs2012\ATM\ATM\Release\Withdraw_money.obj
E:\1编程\C++\vs2012\ATM\ATM\Release\cl.command.1.tlog
E:\1编程\C++\vs2012\ATM\ATM\Release\CL.read.1.tlog
E:\1编程\C++\vs2012\ATM\ATM\Release\CL.write.1.tlog
E:\1编程\C++\vs2012\ATM\ATM\Release\vc110.pdb
