INFO:sim:172 - Generating IP...
Resolving generics for 'ip1'...
Applying external generics to 'ip1'...
Delivering associated files for 'ip1'...
WARNING:sim - Component clk_wiz_v3_6 does not have a valid model name for
   Verilog synthesis
Delivering EJava files for 'ip1'...
Delivered 3 files into directory
F:/git/FPGA/Examination/IPPP/ipcore_dir/tmp/_cg/ip1
Delivered 1 file into directory
F:/git/FPGA/Examination/IPPP/ipcore_dir/tmp/_cg/ip1
Generating ASY schematic symbol...
Loading device for application Rf_Device from file '7a100t.nph' in environment
G:\Xilinx\14.7\ISE_DS\ISE\.
INFO:sim:949 - Finished generation of ASY schematic symbol.
Generating SYM schematic symbol for 'ip1'...
Generating ISE project...
XCO file found: ip1.xco
XMDF file found: ip1_xmdf.tcl
Adding F:/git/FPGA/Examination/IPPP/ipcore_dir/tmp/_cg/ip1.asy -view all
-origin_type imported
Adding F:/git/FPGA/Examination/IPPP/ipcore_dir/tmp/_cg/ip1.ucf -view all
-origin_type created
Adding F:/git/FPGA/Examination/IPPP/ipcore_dir/tmp/_cg/ip1.v -view all
-origin_type created
INFO:HDLCompiler:1845 - Analyzing Verilog file
   "F:/git/FPGA/Examination/IPPP/ipcore_dir/tmp/_cg/ip1.v" into library work
INFO:ProjectMgmt - Parsing design hierarchy completed successfully.
Adding F:/git/FPGA/Examination/IPPP/ipcore_dir/tmp/_cg/ip1.veo -view all
-origin_type imported
INFO:TclTasksC:2116 - The automatic calculation of top has been turned-off.
   Please set the new top explicitly by running the "project set top" command.
   To re-calculate the new top automatically, set the "Auto Implementation Top"
   property to true.
Top level has been set to "/ip1"
Generating README file...
Generating FLIST file...
INFO:sim:948 - Finished FLIST file generation.
Launching README viewer...
Moving files to output directory...
Finished moving files to output directory
Wrote CGP file for project 'ip1'.
