f:\git\c\sqlite\sqlite\debug\vc140.pdb
f:\git\c\sqlite\sqlite\debug\vc140.idb
f:\git\c\sqlite\sqlite\debug\callback.obj
f:\git\c\sqlite\sqlite\debug\create_table.obj
f:\git\c\sqlite\sqlite\debug\database.obj
f:\git\c\sqlite\sqlite\debug\getaline.obj
f:\git\c\sqlite\sqlite\debug\getanumber.obj
f:\git\c\sqlite\sqlite\debug\home.obj
f:\git\c\sqlite\sqlite\debug\main.obj
f:\git\c\sqlite\sqlite\debug\sqlite3.obj
f:\git\c\sqlite\sqlite\debug\table_operation.obj
f:\git\c\sqlite\debug\sqlite.ilk
f:\git\c\sqlite\debug\sqlite.exe
f:\git\c\sqlite\debug\sqlite.pdb
f:\git\c\sqlite\sqlite\debug\sqlite.tlog\cl.command.1.tlog
f:\git\c\sqlite\sqlite\debug\sqlite.tlog\cl.read.1.tlog
f:\git\c\sqlite\sqlite\debug\sqlite.tlog\cl.write.1.tlog
f:\git\c\sqlite\sqlite\debug\sqlite.tlog\link.command.1.tlog
f:\git\c\sqlite\sqlite\debug\sqlite.tlog\link.read.1.tlog
f:\git\c\sqlite\sqlite\debug\sqlite.tlog\link.write.1.tlog
