生成启动时间为 2019/6/22 14:45:56。
     1>项目“F:\git\C\sqlite\sqlite\sqlite.vcxproj”在节点 2 上(Build 个目标)。
     1>ClCompile:
         G:\Program Files (x86)\Microsoft Visual Studio 14.0\VC\bin\CL.exe /c /ZI /nologo /W3 /WX- /sdl /Od /Oy- /D WIN32 /D _DEBUG /D _CONSOLE /D _UNICODE /D UNICODE /Gm /EHsc /RTC1 /MDd /GS /fp:precise /Zc:wchar_t /Zc:forScope /Zc:inline /Fo"Debug\\" /Fd"Debug\vc140.pdb" /Gd /TC /analyze- /errorReport:prompt callback.c create_table.c database.c getaline.c getanumber.c home.c main.c table_operation.c
         table_operation.c
         main.c
         home.c
         getanumber.c
         getaline.c
         database.c
         create_table.c
     1>f:\git\c\sqlite\sqlite\create_table.c(16): warning C4101: “comment”: 未引用的局部变量
         callback.c
         正在生成代码...
       Link:
         G:\Program Files (x86)\Microsoft Visual Studio 14.0\VC\bin\link.exe /ERRORREPORT:PROMPT /OUT:"F:\git\C\sqlite\Debug\sqlite.exe" /INCREMENTAL /NOLOGO kernel32.lib user32.lib gdi32.lib winspool.lib comdlg32.lib advapi32.lib shell32.lib ole32.lib oleaut32.lib uuid.lib odbc32.lib odbccp32.lib kernel32.lib user32.lib gdi32.lib winspool.lib comdlg32.lib advapi32.lib shell32.lib ole32.lib oleaut32.lib uuid.lib odbc32.lib odbccp32.lib /MANIFEST /MANIFESTUAC:"level='asInvoker' uiAccess='false'" /manifest:embed /Debug /PDB:"F:\git\C\sqlite\Debug\sqlite.pdb" /SUBSYSTEM:CONSOLE /TLBID:1 /DYNAMICBASE /NXCOMPAT /IMPLIB:"F:\git\C\sqlite\Debug\sqlite.lib" /MACHINE:X86 Debug\callback.obj
         Debug\create_table.obj
         Debug\database.obj
         Debug\getaline.obj
         Debug\getanumber.obj
         Debug\home.obj
         Debug\main.obj
         Debug\sqlite3.obj
         Debug\table_operation.obj
         sqlite.vcxproj -> F:\git\C\sqlite\Debug\sqlite.exe
     1>已完成生成项目“F:\git\C\sqlite\sqlite\sqlite.vcxproj”(Build 个目标)的操作。

已成功生成。

已用时间 00:00:01.51
